[1.631s] DEBUG:colcon:Command line arguments: ['/usr/bin/colcon', 'build', '--packages-select', 'slam_toolbox', '--cmake-args', '-DCMAKE_BUILD_TYPE=Release']
[1.631s] DEBUG:colcon:Parsed command line arguments: Namespace(log_base=None, log_level=None, verb_name='build', build_base='build', install_base='install', merge_install=False, symlink_install=False, test_result_base=None, continue_on_error=False, executor='parallel', parallel_workers=2, event_handlers=None, ignore_user_meta=False, metas=['./colcon.meta'], base_paths=['.'], packages_ignore=None, packages_ignore_regex=None, paths=None, packages_up_to=None, packages_up_to_regex=None, packages_above=None, packages_above_and_dependencies=None, packages_above_depth=None, packages_select_by_dep=None, packages_skip_by_dep=None, packages_skip_up_to=None, packages_select_build_failed=False, packages_skip_build_finished=False, packages_select_test_failures=False, packages_skip_test_passed=False, packages_select=['slam_toolbox'], packages_skip=None, packages_select_regex=None, packages_skip_regex=None, packages_start=None, packages_end=None, allow_overriding=[], cmake_args=['-DCMAKE_BUILD_TYPE=Release'], cmake_target=None, cmake_target_skip_unavailable=False, cmake_clean_cache=False, cmake_clean_first=False, cmake_force_configure=False, meson_args=[], ament_cmake_args=None, catkin_cmake_args=None, catkin_skip_building_tests=False, mixin_files=None, mixin=None, verb_parser=<colcon_alias.argument_parser.alias.AliasArgumentDecorator object at 0x7fa14447b460>, verb_extension=<colcon_core.verb.build.BuildVerb object at 0x7fa1446cb280>, main=<bound method BuildVerb.main of <colcon_core.verb.build.BuildVerb object at 0x7fa1446cb280>>, mixin_verb=('build',))
[1.742s] Level 1:colcon.colcon_core.package_discovery:discover_packages(colcon_meta) check parameters
[1.743s] Level 1:colcon.colcon_core.package_discovery:discover_packages(recursive) check parameters
[1.743s] Level 1:colcon.colcon_core.package_discovery:discover_packages(ignore) check parameters
[1.743s] Level 1:colcon.colcon_core.package_discovery:discover_packages(path) check parameters
[1.743s] Level 1:colcon.colcon_core.package_discovery:discover_packages(colcon_meta) discover
[1.743s] Level 1:colcon.colcon_core.package_discovery:discover_packages(recursive) discover
[1.743s] INFO:colcon.colcon_core.package_discovery:Crawling recursively for packages in '/workspaces/lab1/slamtoolbox'
[1.743s] Level 1:colcon.colcon_core.package_identification:_identify(.) by extensions ['ignore', 'ignore_ament_install']
[1.743s] Level 1:colcon.colcon_core.package_identification:_identify(.) by extension 'ignore'
[1.743s] Level 1:colcon.colcon_core.package_identification:_identify(.) by extension 'ignore_ament_install'
[1.743s] Level 1:colcon.colcon_core.package_identification:_identify(.) by extensions ['colcon_pkg']
[1.744s] Level 1:colcon.colcon_core.package_identification:_identify(.) by extension 'colcon_pkg'
[1.744s] Level 1:colcon.colcon_core.package_identification:_identify(.) by extensions ['colcon_meta']
[1.744s] Level 1:colcon.colcon_core.package_identification:_identify(.) by extension 'colcon_meta'
[1.744s] Level 1:colcon.colcon_core.package_identification:_identify(.) by extensions ['ros']
[1.744s] Level 1:colcon.colcon_core.package_identification:_identify(.) by extension 'ros'
[1.784s] Level 1:colcon.colcon_core.package_identification:_identify(.) by extensions ['cmake', 'meson', 'python']
[1.784s] Level 1:colcon.colcon_core.package_identification:_identify(.) by extension 'cmake'
[1.784s] Level 1:colcon.colcon_core.package_identification:_identify(.) by extension 'meson'
[1.784s] Level 1:colcon.colcon_core.package_identification:_identify(.) by extension 'python'
[1.784s] Level 1:colcon.colcon_core.package_identification:_identify(.) by extensions ['python_setup_py']
[1.784s] Level 1:colcon.colcon_core.package_identification:_identify(.) by extension 'python_setup_py'
[1.784s] Level 1:colcon.colcon_core.package_identification:_identify(build) by extensions ['ignore', 'ignore_ament_install']
[1.784s] Level 1:colcon.colcon_core.package_identification:_identify(build) by extension 'ignore'
[1.784s] Level 1:colcon.colcon_core.package_identification:_identify(build) ignored
[1.784s] Level 1:colcon.colcon_core.package_identification:_identify(install) by extensions ['ignore', 'ignore_ament_install']
[1.785s] Level 1:colcon.colcon_core.package_identification:_identify(install) by extension 'ignore'
[1.785s] Level 1:colcon.colcon_core.package_identification:_identify(install) ignored
[1.785s] Level 1:colcon.colcon_core.package_identification:_identify(log) by extensions ['ignore', 'ignore_ament_install']
[1.785s] Level 1:colcon.colcon_core.package_identification:_identify(log) by extension 'ignore'
[1.785s] Level 1:colcon.colcon_core.package_identification:_identify(log) ignored
[1.785s] Level 1:colcon.colcon_core.package_identification:_identify(slam_toolbox) by extensions ['ignore', 'ignore_ament_install']
[1.785s] Level 1:colcon.colcon_core.package_identification:_identify(slam_toolbox) by extension 'ignore'
[1.785s] Level 1:colcon.colcon_core.package_identification:_identify(slam_toolbox) by extension 'ignore_ament_install'
[1.785s] Level 1:colcon.colcon_core.package_identification:_identify(slam_toolbox) by extensions ['colcon_pkg']
[1.785s] Level 1:colcon.colcon_core.package_identification:_identify(slam_toolbox) by extension 'colcon_pkg'
[1.785s] Level 1:colcon.colcon_core.package_identification:_identify(slam_toolbox) by extensions ['colcon_meta']
[1.785s] Level 1:colcon.colcon_core.package_identification:_identify(slam_toolbox) by extension 'colcon_meta'
[1.786s] Level 1:colcon.colcon_core.package_identification:_identify(slam_toolbox) by extensions ['ros']
[1.786s] Level 1:colcon.colcon_core.package_identification:_identify(slam_toolbox) by extension 'ros'
[1.790s] DEBUG:colcon.colcon_core.package_identification:Package 'slam_toolbox' with type 'ros.ament_cmake' and name 'slam_toolbox'
[1.790s] Level 1:colcon.colcon_core.package_discovery:discover_packages(recursive) using defaults
[1.790s] Level 1:colcon.colcon_core.package_discovery:discover_packages(ignore) discover
[1.790s] Level 1:colcon.colcon_core.package_discovery:discover_packages(ignore) using defaults
[1.790s] Level 1:colcon.colcon_core.package_discovery:discover_packages(path) discover
[1.790s] Level 1:colcon.colcon_core.package_discovery:discover_packages(path) using defaults
[1.827s] Level 1:colcon.colcon_core.package_discovery:discover_packages(prefix_path) check parameters
[1.827s] Level 1:colcon.colcon_core.package_discovery:discover_packages(prefix_path) discover
[1.832s] DEBUG:colcon.colcon_installed_package_information.package_discovery:Found 2 installed packages in /opt/robohub/humble
[1.837s] DEBUG:colcon.colcon_installed_package_information.package_discovery:Found 315 installed packages in /opt/ros/humble
[1.840s] Level 1:colcon.colcon_core.package_discovery:discover_packages(prefix_path) using defaults
[1.932s] WARNING:colcon.colcon_core.package_selection:Some selected packages are already built in one or more underlay workspaces:
	'slam_toolbox' is in: /opt/ros/humble
If a package in a merged underlay workspace is overridden and it installs headers, then all packages in the overlay must sort their include directories by workspace order. Failure to do so may result in build failures or undefined behavior at run time.
If the overridden package is used by another package in any underlay, then the overriding package in the overlay must be API and ABI compatible or undefined behavior at run time may occur.

If you understand the risks and want to override a package anyways, add the following to the command line:
	--allow-overriding slam_toolbox

This may be promoted to an error in a future release of colcon-override-check.
[1.946s] Level 5:colcon.colcon_core.verb:set package 'slam_toolbox' build argument 'cmake_args' from command line to '['-DCMAKE_BUILD_TYPE=Release']'
[1.946s] Level 5:colcon.colcon_core.verb:set package 'slam_toolbox' build argument 'cmake_target' from command line to 'None'
[1.946s] Level 5:colcon.colcon_core.verb:set package 'slam_toolbox' build argument 'cmake_target_skip_unavailable' from command line to 'False'
[1.946s] Level 5:colcon.colcon_core.verb:set package 'slam_toolbox' build argument 'cmake_clean_cache' from command line to 'False'
[1.947s] Level 5:colcon.colcon_core.verb:set package 'slam_toolbox' build argument 'cmake_clean_first' from command line to 'False'
[1.947s] Level 5:colcon.colcon_core.verb:set package 'slam_toolbox' build argument 'cmake_force_configure' from command line to 'False'
[1.947s] Level 5:colcon.colcon_core.verb:set package 'slam_toolbox' build argument 'meson_args' from command line to '[]'
[1.947s] Level 5:colcon.colcon_core.verb:set package 'slam_toolbox' build argument 'ament_cmake_args' from command line to 'None'
[1.947s] Level 5:colcon.colcon_core.verb:set package 'slam_toolbox' build argument 'catkin_cmake_args' from command line to 'None'
[1.947s] Level 5:colcon.colcon_core.verb:set package 'slam_toolbox' build argument 'catkin_skip_building_tests' from command line to 'False'
[1.947s] DEBUG:colcon.colcon_core.verb:Building package 'slam_toolbox' with the following arguments: {'ament_cmake_args': None, 'build_base': '/workspaces/lab1/slamtoolbox/build/slam_toolbox', 'catkin_cmake_args': None, 'catkin_skip_building_tests': False, 'cmake_args': ['-DCMAKE_BUILD_TYPE=Release'], 'cmake_clean_cache': False, 'cmake_clean_first': False, 'cmake_force_configure': False, 'cmake_target': None, 'cmake_target_skip_unavailable': False, 'install_base': '/workspaces/lab1/slamtoolbox/install/slam_toolbox', 'merge_install': False, 'meson_args': [], 'path': '/workspaces/lab1/slamtoolbox/slam_toolbox', 'symlink_install': False, 'test_result_base': None}
[1.948s] INFO:colcon.colcon_core.executor:Executing jobs using 'parallel' executor
[1.950s] DEBUG:colcon.colcon_parallel_executor.executor.parallel:run_until_complete
[1.951s] INFO:colcon.colcon_ros.task.ament_cmake.build:Building ROS package in '/workspaces/lab1/slamtoolbox/slam_toolbox' with build type 'ament_cmake'
[1.951s] INFO:colcon.colcon_cmake.task.cmake.build:Building CMake package in '/workspaces/lab1/slamtoolbox/slam_toolbox'
[1.957s] INFO:colcon.colcon_core.plugin_system:Skipping extension 'colcon_core.shell.bat': Not used on non-Windows systems
[1.957s] INFO:colcon.colcon_core.shell:Skip shell extension 'powershell' for command environment: Not usable outside of PowerShell
[1.957s] DEBUG:colcon.colcon_core.shell:Skip shell extension 'dsv' for command environment
[1.989s] DEBUG:colcon.colcon_core.event_handler.log_command:Invoking command in '/workspaces/lab1/slamtoolbox/build/slam_toolbox': CMAKE_PREFIX_PATH=${CMAKE_PREFIX_PATH}:/opt/ros/humble /usr/bin/cmake /workspaces/lab1/slamtoolbox/slam_toolbox -DCMAKE_BUILD_TYPE=Release -DCMAKE_INSTALL_PREFIX=/workspaces/lab1/slamtoolbox/install/slam_toolbox
[13.700s] DEBUG:colcon.colcon_core.event_handler.log_command:Invoked command in '/workspaces/lab1/slamtoolbox/build/slam_toolbox' returned '0': CMAKE_PREFIX_PATH=${CMAKE_PREFIX_PATH}:/opt/ros/humble /usr/bin/cmake /workspaces/lab1/slamtoolbox/slam_toolbox -DCMAKE_BUILD_TYPE=Release -DCMAKE_INSTALL_PREFIX=/workspaces/lab1/slamtoolbox/install/slam_toolbox
[13.703s] DEBUG:colcon.colcon_core.event_handler.log_command:Invoking command in '/workspaces/lab1/slamtoolbox/build/slam_toolbox': CMAKE_PREFIX_PATH=${CMAKE_PREFIX_PATH}:/opt/ros/humble /usr/bin/cmake --build /workspaces/lab1/slamtoolbox/build/slam_toolbox -- -j2 -l2
[383.885s] DEBUG:colcon.colcon_core.event_handler.log_command:Invoked command in '/workspaces/lab1/slamtoolbox/build/slam_toolbox' returned '0': CMAKE_PREFIX_PATH=${CMAKE_PREFIX_PATH}:/opt/ros/humble /usr/bin/cmake --build /workspaces/lab1/slamtoolbox/build/slam_toolbox -- -j2 -l2
[384.375s] DEBUG:colcon.colcon_core.event_handler.log_command:Invoking command in '/workspaces/lab1/slamtoolbox/build/slam_toolbox': CMAKE_PREFIX_PATH=${CMAKE_PREFIX_PATH}:/opt/ros/humble /usr/bin/cmake --install /workspaces/lab1/slamtoolbox/build/slam_toolbox
[384.773s] Level 1:colcon.colcon_core.environment:create_environment_scripts_only(slam_toolbox)
[384.774s] DEBUG:colcon.colcon_core.event_handler.log_command:Invoked command in '/workspaces/lab1/slamtoolbox/build/slam_toolbox' returned '0': CMAKE_PREFIX_PATH=${CMAKE_PREFIX_PATH}:/opt/ros/humble /usr/bin/cmake --install /workspaces/lab1/slamtoolbox/build/slam_toolbox
[384.794s] Level 1:colcon.colcon_core.environment:checking '/workspaces/lab1/slamtoolbox/install/slam_toolbox' for CMake module files
[384.796s] Level 1:colcon.colcon_core.environment:checking '/workspaces/lab1/slamtoolbox/install/slam_toolbox' for CMake config files
[384.797s] Level 1:colcon.colcon_core.shell:create_environment_hook('slam_toolbox', 'cmake_prefix_path')
[384.800s] INFO:colcon.colcon_core.shell:Creating environment hook '/workspaces/lab1/slamtoolbox/install/slam_toolbox/share/slam_toolbox/hook/cmake_prefix_path.ps1'
[384.801s] INFO:colcon.colcon_core.shell:Creating environment descriptor '/workspaces/lab1/slamtoolbox/install/slam_toolbox/share/slam_toolbox/hook/cmake_prefix_path.dsv'
[384.804s] INFO:colcon.colcon_core.shell:Creating environment hook '/workspaces/lab1/slamtoolbox/install/slam_toolbox/share/slam_toolbox/hook/cmake_prefix_path.sh'
[384.808s] Level 1:colcon.colcon_core.environment:checking '/workspaces/lab1/slamtoolbox/install/slam_toolbox/lib'
[384.809s] Level 1:colcon.colcon_core.shell:create_environment_hook('slam_toolbox', 'ld_library_path_lib')
[384.810s] INFO:colcon.colcon_core.shell:Creating environment hook '/workspaces/lab1/slamtoolbox/install/slam_toolbox/share/slam_toolbox/hook/ld_library_path_lib.ps1'
[384.811s] INFO:colcon.colcon_core.shell:Creating environment descriptor '/workspaces/lab1/slamtoolbox/install/slam_toolbox/share/slam_toolbox/hook/ld_library_path_lib.dsv'
[384.812s] INFO:colcon.colcon_core.shell:Creating environment hook '/workspaces/lab1/slamtoolbox/install/slam_toolbox/share/slam_toolbox/hook/ld_library_path_lib.sh'
[384.812s] Level 1:colcon.colcon_core.environment:checking '/workspaces/lab1/slamtoolbox/install/slam_toolbox/bin'
[384.813s] Level 1:colcon.colcon_core.environment:checking '/workspaces/lab1/slamtoolbox/install/slam_toolbox/lib/pkgconfig/slam_toolbox.pc'
[384.813s] Level 1:colcon.colcon_core.environment:checking '/workspaces/lab1/slamtoolbox/install/slam_toolbox/lib/python3.10/site-packages'
[384.814s] Level 1:colcon.colcon_core.environment:checking '/workspaces/lab1/slamtoolbox/install/slam_toolbox/bin'
[384.816s] INFO:colcon.colcon_core.shell:Creating package script '/workspaces/lab1/slamtoolbox/install/slam_toolbox/share/slam_toolbox/package.ps1'
[384.817s] INFO:colcon.colcon_core.shell:Creating package descriptor '/workspaces/lab1/slamtoolbox/install/slam_toolbox/share/slam_toolbox/package.dsv'
[384.821s] INFO:colcon.colcon_core.shell:Creating package script '/workspaces/lab1/slamtoolbox/install/slam_toolbox/share/slam_toolbox/package.sh'
[384.824s] INFO:colcon.colcon_core.shell:Creating package script '/workspaces/lab1/slamtoolbox/install/slam_toolbox/share/slam_toolbox/package.bash'
[384.827s] INFO:colcon.colcon_core.shell:Creating package script '/workspaces/lab1/slamtoolbox/install/slam_toolbox/share/slam_toolbox/package.zsh'
[384.828s] Level 1:colcon.colcon_core.environment:create_file_with_runtime_dependencies(/workspaces/lab1/slamtoolbox/install/slam_toolbox/share/colcon-core/packages/slam_toolbox)
[385.338s] Level 1:colcon.colcon_core.environment:create_environment_scripts_only(slam_toolbox)
[385.340s] Level 1:colcon.colcon_core.environment:checking '/workspaces/lab1/slamtoolbox/install/slam_toolbox' for CMake module files
[385.341s] Level 1:colcon.colcon_core.environment:checking '/workspaces/lab1/slamtoolbox/install/slam_toolbox' for CMake config files
[385.342s] Level 1:colcon.colcon_core.shell:create_environment_hook('slam_toolbox', 'cmake_prefix_path')
[385.343s] INFO:colcon.colcon_core.shell:Creating environment hook '/workspaces/lab1/slamtoolbox/install/slam_toolbox/share/slam_toolbox/hook/cmake_prefix_path.ps1'
[385.344s] INFO:colcon.colcon_core.shell:Creating environment descriptor '/workspaces/lab1/slamtoolbox/install/slam_toolbox/share/slam_toolbox/hook/cmake_prefix_path.dsv'
[385.344s] INFO:colcon.colcon_core.shell:Creating environment hook '/workspaces/lab1/slamtoolbox/install/slam_toolbox/share/slam_toolbox/hook/cmake_prefix_path.sh'
[385.345s] Level 1:colcon.colcon_core.environment:checking '/workspaces/lab1/slamtoolbox/install/slam_toolbox/lib'
[385.345s] Level 1:colcon.colcon_core.shell:create_environment_hook('slam_toolbox', 'ld_library_path_lib')
[385.346s] INFO:colcon.colcon_core.shell:Creating environment hook '/workspaces/lab1/slamtoolbox/install/slam_toolbox/share/slam_toolbox/hook/ld_library_path_lib.ps1'
[385.347s] INFO:colcon.colcon_core.shell:Creating environment descriptor '/workspaces/lab1/slamtoolbox/install/slam_toolbox/share/slam_toolbox/hook/ld_library_path_lib.dsv'
[385.347s] INFO:colcon.colcon_core.shell:Creating environment hook '/workspaces/lab1/slamtoolbox/install/slam_toolbox/share/slam_toolbox/hook/ld_library_path_lib.sh'
[385.348s] Level 1:colcon.colcon_core.environment:checking '/workspaces/lab1/slamtoolbox/install/slam_toolbox/bin'
[385.348s] Level 1:colcon.colcon_core.environment:checking '/workspaces/lab1/slamtoolbox/install/slam_toolbox/lib/pkgconfig/slam_toolbox.pc'
[385.348s] Level 1:colcon.colcon_core.environment:checking '/workspaces/lab1/slamtoolbox/install/slam_toolbox/lib/python3.10/site-packages'
[385.348s] Level 1:colcon.colcon_core.environment:checking '/workspaces/lab1/slamtoolbox/install/slam_toolbox/bin'
[385.350s] INFO:colcon.colcon_core.shell:Creating package script '/workspaces/lab1/slamtoolbox/install/slam_toolbox/share/slam_toolbox/package.ps1'
[385.350s] INFO:colcon.colcon_core.shell:Creating package descriptor '/workspaces/lab1/slamtoolbox/install/slam_toolbox/share/slam_toolbox/package.dsv'
[385.351s] INFO:colcon.colcon_core.shell:Creating package script '/workspaces/lab1/slamtoolbox/install/slam_toolbox/share/slam_toolbox/package.sh'
[385.351s] INFO:colcon.colcon_core.shell:Creating package script '/workspaces/lab1/slamtoolbox/install/slam_toolbox/share/slam_toolbox/package.bash'
[385.352s] INFO:colcon.colcon_core.shell:Creating package script '/workspaces/lab1/slamtoolbox/install/slam_toolbox/share/slam_toolbox/package.zsh'
[385.353s] Level 1:colcon.colcon_core.environment:create_file_with_runtime_dependencies(/workspaces/lab1/slamtoolbox/install/slam_toolbox/share/colcon-core/packages/slam_toolbox)
[385.353s] DEBUG:colcon.colcon_parallel_executor.executor.parallel:closing loop
[385.354s] DEBUG:colcon.colcon_parallel_executor.executor.parallel:loop closed
[385.354s] DEBUG:colcon.colcon_parallel_executor.executor.parallel:run_until_complete finished with '0'
[385.354s] DEBUG:colcon.colcon_core.event_reactor:joining thread
[385.441s] INFO:colcon.colcon_core.plugin_system:Skipping extension 'colcon_notification.desktop_notification.notify_send': Could not find 'notify-send'
[385.441s] INFO:colcon.colcon_core.plugin_system:Skipping extension 'colcon_notification.desktop_notification.terminal_notifier': Not used on non-Darwin systems
[385.441s] INFO:colcon.colcon_core.plugin_system:Skipping extension 'colcon_notification.desktop_notification.win32': Not used on non-Windows systems
[385.441s] INFO:colcon.colcon_notification.desktop_notification:Sending desktop notification using 'notify2'
[385.441s] DEBUG:colcon.colcon_notification.desktop_notification.notify2:Failed to initialize notify2: org.freedesktop.DBus.Error.NotSupported: Unable to autolaunch a dbus-daemon without a $DISPLAY for X11
[385.442s] DEBUG:colcon.colcon_core.event_reactor:joined thread
[385.443s] INFO:colcon.colcon_core.shell:Creating prefix script '/workspaces/lab1/slamtoolbox/install/local_setup.ps1'
[385.445s] INFO:colcon.colcon_core.shell:Creating prefix util module '/workspaces/lab1/slamtoolbox/install/_local_setup_util_ps1.py'
[385.450s] INFO:colcon.colcon_core.shell:Creating prefix chain script '/workspaces/lab1/slamtoolbox/install/setup.ps1'
[385.452s] INFO:colcon.colcon_core.shell:Creating prefix script '/workspaces/lab1/slamtoolbox/install/local_setup.sh'
[385.452s] INFO:colcon.colcon_core.shell:Creating prefix util module '/workspaces/lab1/slamtoolbox/install/_local_setup_util_sh.py'
[385.453s] INFO:colcon.colcon_core.shell:Creating prefix chain script '/workspaces/lab1/slamtoolbox/install/setup.sh'
[385.456s] INFO:colcon.colcon_core.shell:Creating prefix script '/workspaces/lab1/slamtoolbox/install/local_setup.bash'
[385.459s] INFO:colcon.colcon_core.shell:Creating prefix chain script '/workspaces/lab1/slamtoolbox/install/setup.bash'
[385.462s] INFO:colcon.colcon_core.shell:Creating prefix script '/workspaces/lab1/slamtoolbox/install/local_setup.zsh'
[385.463s] INFO:colcon.colcon_core.shell:Creating prefix chain script '/workspaces/lab1/slamtoolbox/install/setup.zsh'
