[0.038s] Invoking command in '/workspaces/lab1/slamtoolbox/build/slam_toolbox': CMAKE_PREFIX_PATH=${CMAKE_PREFIX_PATH}:/opt/ros/humble /usr/bin/cmake /workspaces/lab1/slamtoolbox/slam_toolbox -DCMAKE_BUILD_TYPE=Release -DCMAKE_INSTALL_PREFIX=/workspaces/lab1/slamtoolbox/install/slam_toolbox
[1.676s] -- The C compiler identification is GNU 11.3.0
[2.211s] -- The CXX compiler identification is GNU 11.3.0
[2.270s] -- Detecting C compiler ABI info
[2.425s] -- Detecting C compiler ABI info - done
[2.446s] -- Check for working C compiler: /usr/bin/cc - skipped
[2.446s] -- Detecting C compile features
[2.450s] -- Detecting C compile features - done
[2.470s] -- Detecting CXX compiler ABI info
[2.636s] -- Detecting CXX compiler ABI info - done
[2.646s] -- Check for working CXX compiler: /usr/bin/c++ - skipped
[2.646s] -- Detecting CXX compile features
[2.647s] -- Detecting CXX compile features - done
[2.664s] -- Found ament_cmake: 1.3.4 (/opt/ros/humble/share/ament_cmake/cmake)
[2.913s] -- Found Python3: /usr/bin/python3.10 (found version "3.10.6") found components: Interpreter 
[3.107s] -- Found message_filters: 4.3.3 (/opt/ros/humble/share/message_filters/cmake)
[3.406s] -- Found rosidl_generator_c: 3.1.4 (/opt/ros/humble/share/rosidl_generator_c/cmake)
[3.434s] -- Found rosidl_adapter: 3.1.4 (/opt/ros/humble/share/rosidl_adapter/cmake)
[3.473s] -- Found rosidl_generator_cpp: 3.1.4 (/opt/ros/humble/share/rosidl_generator_cpp/cmake)
[3.530s] -- Using all available rosidl_typesupport_c: rosidl_typesupport_fastrtps_c;rosidl_typesupport_introspection_c
[3.576s] -- Using all available rosidl_typesupport_cpp: rosidl_typesupport_fastrtps_cpp;rosidl_typesupport_introspection_cpp
[3.751s] -- Found rmw_implementation_cmake: 6.1.1 (/opt/ros/humble/share/rmw_implementation_cmake/cmake)
[3.768s] -- Found rmw_fastrtps_cpp: 6.2.2 (/opt/ros/humble/share/rmw_fastrtps_cpp/cmake)
[4.063s] -- Found OpenSSL: /usr/lib/x86_64-linux-gnu/libcrypto.so (found version "3.0.2")  
[4.130s] -- Found FastRTPS: /opt/ros/humble/include  
[4.217s] -- Using RMW implementation 'rmw_fastrtps_cpp' as default
[4.258s] -- Looking for pthread.h
[4.530s] -- Looking for pthread.h - found
[4.531s] -- Performing Test CMAKE_HAVE_LIBC_PTHREAD
[4.624s] -- Performing Test CMAKE_HAVE_LIBC_PTHREAD - Success
[4.624s] -- Found Threads: TRUE  
[4.850s] -- Found nav_msgs: 4.2.3 (/opt/ros/humble/share/nav_msgs/cmake)
[5.006s] -- Found sensor_msgs: 4.2.3 (/opt/ros/humble/share/sensor_msgs/cmake)
[5.117s] -- Found tf2: 0.25.2 (/opt/ros/humble/share/tf2/cmake)
[5.156s] -- Found tf2_ros: 0.25.2 (/opt/ros/humble/share/tf2_ros/cmake)
[5.599s] -- Found visualization_msgs: 4.2.3 (/opt/ros/humble/share/visualization_msgs/cmake)
[5.728s] -- Found pluginlib: 5.1.0 (/opt/ros/humble/share/pluginlib/cmake)
[5.775s] -- Found tf2_geometry_msgs: 0.25.2 (/opt/ros/humble/share/tf2_geometry_msgs/cmake)
[5.892s] -- Found eigen3_cmake_module: 0.1.1 (/opt/ros/humble/share/eigen3_cmake_module/cmake)
[5.899s] -- Found Eigen3: TRUE (found version "3.4.0") 
[5.899s] -- Ensuring Eigen3 include directory is part of orocos-kdl CMake target
[5.914s] -- Found tf2_sensor_msgs: 0.25.2 (/opt/ros/humble/share/tf2_sensor_msgs/cmake)
[5.944s] -- Found std_srvs: 4.2.3 (/opt/ros/humble/share/std_srvs/cmake)
[5.982s] -- Found rosidl_default_generators: 1.2.0 (/opt/ros/humble/share/rosidl_default_generators/cmake)
[6.010s] -- Found rviz_common: 11.2.5 (/opt/ros/humble/share/rviz_common/cmake)
[6.388s] -- Setting OGRE_DIR to: '/opt/ros/humble/share/rviz_ogre_vendor/cmake/../../../opt/rviz_ogre_vendor/lib/OGRE/cmake'
[6.404s] -- Found OGRE
[6.405s] --   static     : OFF
[6.405s] --   components : HLMS;MeshLodGenerator;Overlay;Paging;Property;RTShaderSystem;Terrain;Volume
[6.405s] --   plugins    : Plugin_BSPSceneManager;Plugin_OctreeSceneManager;Plugin_PCZSceneManager;Plugin_ParticleFX;RenderSystem_GL;RenderSystem_GL3Plus;Codec_STBI
[6.406s] --   media      : /opt/ros/humble/opt/rviz_ogre_vendor/share/OGRE/Media
[6.406s] -- OGRE_LIBRARIES: OgreHLMS;OgreMeshLodGenerator;OgreOverlay;OgrePaging;OgreProperty;OgreRTShaderSystem;OgreTerrain;OgreVolume;OgreMain
[6.407s] -- OGRE_LIBRARY_DIRS: /opt/ros/humble/opt/rviz_ogre_vendor/lib
[6.407s] -- OGRE_PLUGINS: Plugin_BSPSceneManager;Plugin_OctreeSceneManager;Plugin_PCZSceneManager;Plugin_ParticleFX;RenderSystem_GL;RenderSystem_GL3Plus;Codec_STBI
[6.407s] -- OGRE_PLUGIN_DIR: /opt/ros/humble/opt/rviz_ogre_vendor/lib/OGRE
[6.407s] -- rviz_ogre_vendor::OgreOverlay for IMPORTED_LOCATION_RELEASE: /opt/ros/humble/opt/rviz_ogre_vendor/lib/libOgreOverlay.so
[6.407s] -- rviz_ogre_vendor::OgreOverlay for IMPORTED_LOCATION_DEBUG: /opt/ros/humble/opt/rviz_ogre_vendor/lib/libOgreOverlay.so
[6.408s] -- rviz_ogre_vendor::OgreMain for IMPORTED_LOCATION_RELEASE: /opt/ros/humble/opt/rviz_ogre_vendor/lib/libOgreMain.so
[6.408s] -- rviz_ogre_vendor::OgreMain for IMPORTED_LOCATION_DEBUG: /opt/ros/humble/opt/rviz_ogre_vendor/lib/libOgreMain.so
[6.526s] -- Found ZLIB: /usr/lib/x86_64-linux-gnu/libz.so (found version "1.2.11") 
[6.610s] -- Found OpenGL: /usr/lib/x86_64-linux-gnu/libOpenGL.so   
[6.697s] -- Found X11: /usr/include   
[6.701s] -- Looking for XOpenDisplay in /usr/lib/x86_64-linux-gnu/libX11.so;/usr/lib/x86_64-linux-gnu/libXext.so
[6.865s] -- Looking for XOpenDisplay in /usr/lib/x86_64-linux-gnu/libX11.so;/usr/lib/x86_64-linux-gnu/libXext.so - found
[6.866s] -- Looking for gethostbyname
[6.950s] -- Looking for gethostbyname - found
[6.950s] -- Looking for connect
[7.057s] -- Looking for connect - found
[7.060s] -- Looking for remove
[7.155s] -- Looking for remove - found
[7.155s] -- Looking for shmat
[7.246s] -- Looking for shmat - found
[7.247s] -- Looking for IceConnectionNumber in ICE
[7.350s] -- Looking for IceConnectionNumber in ICE - found
[7.353s] -- rviz_ogre_vendor::RenderSystem_GL for IMPORTED_LOCATION_RELEASE: _render_system_gl_static_library_abs-NOTFOUND
[7.358s] -- rviz_ogre_vendor::RenderSystem_GL for IMPORTED_LOCATION_DEBUG: _render_system_gl_static_library_abs-NOTFOUND
[7.571s] -- library: /usr/lib/x86_64-linux-gnu/libcurl.so
[7.778s] -- Found rviz_default_plugins: 11.2.5 (/opt/ros/humble/share/rviz_default_plugins/cmake)
[8.352s] -- Found Boost: /usr/lib/x86_64-linux-gnu/cmake/Boost-1.74.0/BoostConfig.cmake (found version "1.74.0") found components: system serialization filesystem thread 
[8.421s] -- Found PkgConfig: /usr/bin/pkg-config (found version "0.29.2") 
[8.482s] -- Found CHOLMOD: /usr/include/suitesparse  
[8.484s] -- Found CSparse: /usr/include/suitesparse  
[8.540s] -- Looking for sgemm_
[8.667s] -- Looking for sgemm_ - not found
[8.692s] -- Looking for sgemm_
[8.850s] -- Looking for sgemm_ - found
[8.850s] -- Found BLAS: /usr/lib/x86_64-linux-gnu/libopenblas.so  
[8.853s] -- Looking for cheev_
[9.015s] -- Looking for cheev_ - found
[9.016s] -- Found LAPACK: /usr/lib/x86_64-linux-gnu/libopenblas.so;-lm;-ldl  
[9.027s] -- Found required Ceres dependency: Eigen version 3.4.0 in /usr/include/eigen3
[9.055s] -- Found required Ceres dependency: glog
[9.056s] -- Found required Ceres dependency: gflags
[9.057s] -- Found Ceres version: 2.0.0 installed in: /usr with components: [EigenSparse, SparseLinearAlgebraLibrary, LAPACK, SuiteSparse, CXSparse, SchurSpecializations, Multithreading]
[9.528s] -- Found ament_cmake_ros: 0.10.0 (/opt/ros/humble/share/ament_cmake_ros/cmake)
[10.144s] -- Using all available rosidl_typesupport_c: rosidl_typesupport_fastrtps_c;rosidl_typesupport_introspection_c
[10.402s] -- Using all available rosidl_typesupport_cpp: rosidl_typesupport_fastrtps_cpp;rosidl_typesupport_introspection_cpp
[10.441s] -- Found PythonInterp: /usr/bin/python3 (found suitable version "3.10.6", minimum required is "3.6") 
[10.446s] -- Found python_cmake_module: 0.10.0 (/opt/ros/humble/share/python_cmake_module/cmake)
[10.549s] -- Found PythonLibs: /usr/lib/x86_64-linux-gnu/libpython3.10.so (found suitable version "3.10.6", minimum required is "3.5") 
[10.549s] -- Using PYTHON_EXECUTABLE: /usr/bin/python3
[10.549s] -- Using PYTHON_INCLUDE_DIRS: /usr/include/python3.10
[10.549s] -- Using PYTHON_LIBRARIES: /usr/lib/x86_64-linux-gnu/libpython3.10.so
[10.572s] -- Found PythonExtra: .so  
[10.788s] -- Configuring done
[11.715s] -- Generating done
[11.725s] -- Build files have been written to: /workspaces/lab1/slamtoolbox/build/slam_toolbox
[11.749s] Invoked command in '/workspaces/lab1/slamtoolbox/build/slam_toolbox' returned '0': CMAKE_PREFIX_PATH=${CMAKE_PREFIX_PATH}:/opt/ros/humble /usr/bin/cmake /workspaces/lab1/slamtoolbox/slam_toolbox -DCMAKE_BUILD_TYPE=Release -DCMAKE_INSTALL_PREFIX=/workspaces/lab1/slamtoolbox/install/slam_toolbox
[11.752s] Invoking command in '/workspaces/lab1/slamtoolbox/build/slam_toolbox': CMAKE_PREFIX_PATH=${CMAKE_PREFIX_PATH}:/opt/ros/humble /usr/bin/cmake --build /workspaces/lab1/slamtoolbox/build/slam_toolbox -- -j2 -l2
[11.832s] [  1%] [34m[1mGenerating C code for ROS interfaces[0m
[11.852s] [  2%] [34m[1mGenerating C++ code for ROS interfaces[0m
[14.326s] [  2%] Built target slam_toolbox__cpp
[14.372s] [  2%] Built target ament_cmake_python_copy_slam_toolbox
[14.406s] [  2%] [32mBuilding CXX object lib/karto_sdk/CMakeFiles/kartoSlamToolbox.dir/src/Karto.cpp.o[0m
[14.553s] [  3%] [32mBuilding C object CMakeFiles/slam_toolbox__rosidl_generator_c.dir/rosidl_generator_c/slam_toolbox/srv/detail/pause__functions.c.o[0m
[15.640s] [  3%] [32mBuilding C object CMakeFiles/slam_toolbox__rosidl_generator_c.dir/rosidl_generator_c/slam_toolbox/srv/detail/clear_queue__functions.c.o[0m
[15.791s] [  4%] [32mBuilding C object CMakeFiles/slam_toolbox__rosidl_generator_c.dir/rosidl_generator_c/slam_toolbox/srv/detail/toggle_interactive__functions.c.o[0m
[15.949s] [  5%] [32mBuilding C object CMakeFiles/slam_toolbox__rosidl_generator_c.dir/rosidl_generator_c/slam_toolbox/srv/detail/clear__functions.c.o[0m
[16.096s] [  6%] [32mBuilding C object CMakeFiles/slam_toolbox__rosidl_generator_c.dir/rosidl_generator_c/slam_toolbox/srv/detail/save_map__functions.c.o[0m
[16.371s] [  6%] [32mBuilding C object CMakeFiles/slam_toolbox__rosidl_generator_c.dir/rosidl_generator_c/slam_toolbox/srv/detail/loop_closure__functions.c.o[0m
[16.539s] [  7%] [32mBuilding C object CMakeFiles/slam_toolbox__rosidl_generator_c.dir/rosidl_generator_c/slam_toolbox/srv/detail/merge_maps__functions.c.o[0m
[16.701s] [  8%] [32mBuilding C object CMakeFiles/slam_toolbox__rosidl_generator_c.dir/rosidl_generator_c/slam_toolbox/srv/detail/add_submap__functions.c.o[0m
[16.911s] [  8%] [32mBuilding C object CMakeFiles/slam_toolbox__rosidl_generator_c.dir/rosidl_generator_c/slam_toolbox/srv/detail/deserialize_pose_graph__functions.c.o[0m
[17.161s] [  9%] [32mBuilding C object CMakeFiles/slam_toolbox__rosidl_generator_c.dir/rosidl_generator_c/slam_toolbox/srv/detail/serialize_pose_graph__functions.c.o[0m
[17.332s] [ 10%] [32m[1mLinking C shared library libslam_toolbox__rosidl_generator_c.so[0m
[17.408s] [ 10%] Built target slam_toolbox__rosidl_generator_c
[17.424s] [ 10%] [34m[1mGenerating C++ type support dispatch for ROS interfaces[0m
[18.459s] [ 11%] [32mBuilding CXX object CMakeFiles/slam_toolbox__rosidl_typesupport_cpp.dir/rosidl_typesupport_cpp/slam_toolbox/srv/pause__type_support.cpp.o[0m
[19.415s] [ 12%] [32mBuilding CXX object CMakeFiles/slam_toolbox__rosidl_typesupport_cpp.dir/rosidl_typesupport_cpp/slam_toolbox/srv/clear_queue__type_support.cpp.o[0m
[19.853s] [ 13%] [32mBuilding CXX object CMakeFiles/slam_toolbox__rosidl_typesupport_cpp.dir/rosidl_typesupport_cpp/slam_toolbox/srv/toggle_interactive__type_support.cpp.o[0m
[20.280s] [ 13%] [32mBuilding CXX object CMakeFiles/slam_toolbox__rosidl_typesupport_cpp.dir/rosidl_typesupport_cpp/slam_toolbox/srv/clear__type_support.cpp.o[0m
[20.765s] [ 14%] [32mBuilding CXX object CMakeFiles/slam_toolbox__rosidl_typesupport_cpp.dir/rosidl_typesupport_cpp/slam_toolbox/srv/save_map__type_support.cpp.o[0m
[21.353s] [ 15%] [32mBuilding CXX object CMakeFiles/slam_toolbox__rosidl_typesupport_cpp.dir/rosidl_typesupport_cpp/slam_toolbox/srv/loop_closure__type_support.cpp.o[0m
[21.875s] [ 15%] [32mBuilding CXX object CMakeFiles/slam_toolbox__rosidl_typesupport_cpp.dir/rosidl_typesupport_cpp/slam_toolbox/srv/merge_maps__type_support.cpp.o[0m
[22.383s] [ 16%] [32mBuilding CXX object CMakeFiles/slam_toolbox__rosidl_typesupport_cpp.dir/rosidl_typesupport_cpp/slam_toolbox/srv/add_submap__type_support.cpp.o[0m
[22.909s] [ 17%] [32mBuilding CXX object CMakeFiles/slam_toolbox__rosidl_typesupport_cpp.dir/rosidl_typesupport_cpp/slam_toolbox/srv/deserialize_pose_graph__type_support.cpp.o[0m
[23.573s] [ 18%] [32mBuilding CXX object CMakeFiles/slam_toolbox__rosidl_typesupport_cpp.dir/rosidl_typesupport_cpp/slam_toolbox/srv/serialize_pose_graph__type_support.cpp.o[0m
[24.088s] [ 18%] [32m[1mLinking CXX shared library libslam_toolbox__rosidl_typesupport_cpp.so[0m
[24.206s] [ 18%] Built target slam_toolbox__rosidl_typesupport_cpp
[24.231s] [ 19%] [34m[1mGenerating C type support for eProsima Fast-RTPS[0m
[26.054s] [ 20%] [32mBuilding CXX object CMakeFiles/slam_toolbox__rosidl_typesupport_fastrtps_c.dir/rosidl_typesupport_fastrtps_c/slam_toolbox/srv/detail/pause__type_support_c.cpp.o[0m
[26.826s] [ 20%] [32mBuilding CXX object CMakeFiles/slam_toolbox__rosidl_typesupport_fastrtps_c.dir/rosidl_typesupport_fastrtps_c/slam_toolbox/srv/detail/clear_queue__type_support_c.cpp.o[0m
[27.496s] [ 21%] [32mBuilding CXX object CMakeFiles/slam_toolbox__rosidl_typesupport_fastrtps_c.dir/rosidl_typesupport_fastrtps_c/slam_toolbox/srv/detail/toggle_interactive__type_support_c.cpp.o[0m
[28.209s] [ 22%] [32mBuilding CXX object CMakeFiles/slam_toolbox__rosidl_typesupport_fastrtps_c.dir/rosidl_typesupport_fastrtps_c/slam_toolbox/srv/detail/clear__type_support_c.cpp.o[0m
[28.944s] [ 23%] [32mBuilding CXX object CMakeFiles/slam_toolbox__rosidl_typesupport_fastrtps_c.dir/rosidl_typesupport_fastrtps_c/slam_toolbox/srv/detail/save_map__type_support_c.cpp.o[0m
[29.760s] [ 23%] [32mBuilding CXX object CMakeFiles/slam_toolbox__rosidl_typesupport_fastrtps_c.dir/rosidl_typesupport_fastrtps_c/slam_toolbox/srv/detail/loop_closure__type_support_c.cpp.o[0m
[30.584s] [ 24%] [32mBuilding CXX object CMakeFiles/slam_toolbox__rosidl_typesupport_fastrtps_c.dir/rosidl_typesupport_fastrtps_c/slam_toolbox/srv/detail/merge_maps__type_support_c.cpp.o[0m
[31.280s] [ 25%] [32mBuilding CXX object CMakeFiles/slam_toolbox__rosidl_typesupport_fastrtps_c.dir/rosidl_typesupport_fastrtps_c/slam_toolbox/srv/detail/add_submap__type_support_c.cpp.o[0m
[31.991s] [ 25%] [32mBuilding CXX object CMakeFiles/slam_toolbox__rosidl_typesupport_fastrtps_c.dir/rosidl_typesupport_fastrtps_c/slam_toolbox/srv/detail/deserialize_pose_graph__type_support_c.cpp.o[0m
[32.806s] [ 26%] [32mBuilding CXX object CMakeFiles/slam_toolbox__rosidl_typesupport_fastrtps_c.dir/rosidl_typesupport_fastrtps_c/slam_toolbox/srv/detail/serialize_pose_graph__type_support_c.cpp.o[0m
[33.580s] [ 27%] [32m[1mLinking CXX shared library libslam_toolbox__rosidl_typesupport_fastrtps_c.so[0m
[33.695s] [ 27%] Built target slam_toolbox__rosidl_typesupport_fastrtps_c
[33.718s] [ 28%] [34m[1mGenerating C++ type support for eProsima Fast-RTPS[0m
[35.367s] [ 29%] [32mBuilding CXX object lib/karto_sdk/CMakeFiles/kartoSlamToolbox.dir/src/Mapper.cpp.o[0m
[35.637s] [ 30%] [32mBuilding CXX object CMakeFiles/slam_toolbox__rosidl_typesupport_fastrtps_cpp.dir/rosidl_typesupport_fastrtps_cpp/slam_toolbox/srv/detail/dds_fastrtps/pause__type_support.cpp.o[0m
[36.320s] [ 30%] [32mBuilding CXX object CMakeFiles/slam_toolbox__rosidl_typesupport_fastrtps_cpp.dir/rosidl_typesupport_fastrtps_cpp/slam_toolbox/srv/detail/dds_fastrtps/clear_queue__type_support.cpp.o[0m
[37.006s] [ 31%] [32mBuilding CXX object CMakeFiles/slam_toolbox__rosidl_typesupport_fastrtps_cpp.dir/rosidl_typesupport_fastrtps_cpp/slam_toolbox/srv/detail/dds_fastrtps/toggle_interactive__type_support.cpp.o[0m
[37.629s] [ 32%] [32mBuilding CXX object CMakeFiles/slam_toolbox__rosidl_typesupport_fastrtps_cpp.dir/rosidl_typesupport_fastrtps_cpp/slam_toolbox/srv/detail/dds_fastrtps/clear__type_support.cpp.o[0m
[38.375s] [ 33%] [32mBuilding CXX object CMakeFiles/slam_toolbox__rosidl_typesupport_fastrtps_cpp.dir/rosidl_typesupport_fastrtps_cpp/slam_toolbox/srv/detail/dds_fastrtps/save_map__type_support.cpp.o[0m
[39.335s] [ 33%] [32mBuilding CXX object CMakeFiles/slam_toolbox__rosidl_typesupport_fastrtps_cpp.dir/rosidl_typesupport_fastrtps_cpp/slam_toolbox/srv/detail/dds_fastrtps/loop_closure__type_support.cpp.o[0m
[40.182s] [ 34%] [32mBuilding CXX object CMakeFiles/slam_toolbox__rosidl_typesupport_fastrtps_cpp.dir/rosidl_typesupport_fastrtps_cpp/slam_toolbox/srv/detail/dds_fastrtps/merge_maps__type_support.cpp.o[0m
[41.023s] [ 35%] [32mBuilding CXX object CMakeFiles/slam_toolbox__rosidl_typesupport_fastrtps_cpp.dir/rosidl_typesupport_fastrtps_cpp/slam_toolbox/srv/detail/dds_fastrtps/add_submap__type_support.cpp.o[0m
[41.820s] [ 35%] [32mBuilding CXX object CMakeFiles/slam_toolbox__rosidl_typesupport_fastrtps_cpp.dir/rosidl_typesupport_fastrtps_cpp/slam_toolbox/srv/detail/dds_fastrtps/deserialize_pose_graph__type_support.cpp.o[0m
[42.598s] [ 36%] [32mBuilding CXX object CMakeFiles/slam_toolbox__rosidl_typesupport_fastrtps_cpp.dir/rosidl_typesupport_fastrtps_cpp/slam_toolbox/srv/detail/dds_fastrtps/serialize_pose_graph__type_support.cpp.o[0m
[43.529s] [ 37%] [32m[1mLinking CXX shared library libslam_toolbox__rosidl_typesupport_fastrtps_cpp.so[0m
[43.642s] [ 37%] Built target slam_toolbox__rosidl_typesupport_fastrtps_cpp
[43.661s] [ 38%] [34m[1mGenerating C introspection for ROS interfaces[0m
[45.444s] [ 38%] [32mBuilding C object CMakeFiles/slam_toolbox__rosidl_typesupport_introspection_c.dir/rosidl_typesupport_introspection_c/slam_toolbox/srv/detail/pause__type_support.c.o[0m
[45.594s] [ 39%] [32mBuilding C object CMakeFiles/slam_toolbox__rosidl_typesupport_introspection_c.dir/rosidl_typesupport_introspection_c/slam_toolbox/srv/detail/clear_queue__type_support.c.o[0m
[45.685s] [ 40%] [32mBuilding C object CMakeFiles/slam_toolbox__rosidl_typesupport_introspection_c.dir/rosidl_typesupport_introspection_c/slam_toolbox/srv/detail/toggle_interactive__type_support.c.o[0m
[45.780s] [ 40%] [32mBuilding C object CMakeFiles/slam_toolbox__rosidl_typesupport_introspection_c.dir/rosidl_typesupport_introspection_c/slam_toolbox/srv/detail/clear__type_support.c.o[0m
[45.873s] [ 41%] [32mBuilding C object CMakeFiles/slam_toolbox__rosidl_typesupport_introspection_c.dir/rosidl_typesupport_introspection_c/slam_toolbox/srv/detail/save_map__type_support.c.o[0m
[45.986s] [ 42%] [32mBuilding C object CMakeFiles/slam_toolbox__rosidl_typesupport_introspection_c.dir/rosidl_typesupport_introspection_c/slam_toolbox/srv/detail/loop_closure__type_support.c.o[0m
[46.092s] [ 43%] [32mBuilding C object CMakeFiles/slam_toolbox__rosidl_typesupport_introspection_c.dir/rosidl_typesupport_introspection_c/slam_toolbox/srv/detail/merge_maps__type_support.c.o[0m
[46.241s] [ 43%] [32mBuilding C object CMakeFiles/slam_toolbox__rosidl_typesupport_introspection_c.dir/rosidl_typesupport_introspection_c/slam_toolbox/srv/detail/add_submap__type_support.c.o[0m
[46.344s] [ 44%] [32mBuilding C object CMakeFiles/slam_toolbox__rosidl_typesupport_introspection_c.dir/rosidl_typesupport_introspection_c/slam_toolbox/srv/detail/deserialize_pose_graph__type_support.c.o[0m
[46.489s] [ 45%] [32mBuilding C object CMakeFiles/slam_toolbox__rosidl_typesupport_introspection_c.dir/rosidl_typesupport_introspection_c/slam_toolbox/srv/detail/serialize_pose_graph__type_support.c.o[0m
[46.578s] [ 45%] [32m[1mLinking C shared library libslam_toolbox__rosidl_typesupport_introspection_c.so[0m
[46.667s] [ 45%] Built target slam_toolbox__rosidl_typesupport_introspection_c
[46.688s] [ 45%] [34m[1mGenerating C type support dispatch for ROS interfaces[0m
[48.018s] [ 46%] [32mBuilding CXX object CMakeFiles/slam_toolbox__rosidl_typesupport_c.dir/rosidl_typesupport_c/slam_toolbox/srv/pause__type_support.cpp.o[0m
[48.113s] [ 47%] [32mBuilding CXX object CMakeFiles/slam_toolbox__rosidl_typesupport_c.dir/rosidl_typesupport_c/slam_toolbox/srv/clear_queue__type_support.cpp.o[0m
[48.213s] [ 48%] [32mBuilding CXX object CMakeFiles/slam_toolbox__rosidl_typesupport_c.dir/rosidl_typesupport_c/slam_toolbox/srv/toggle_interactive__type_support.cpp.o[0m
[48.287s] [ 48%] [32mBuilding CXX object CMakeFiles/slam_toolbox__rosidl_typesupport_c.dir/rosidl_typesupport_c/slam_toolbox/srv/clear__type_support.cpp.o[0m
[48.360s] [ 49%] [32mBuilding CXX object CMakeFiles/slam_toolbox__rosidl_typesupport_c.dir/rosidl_typesupport_c/slam_toolbox/srv/save_map__type_support.cpp.o[0m
[48.439s] [ 50%] [32mBuilding CXX object CMakeFiles/slam_toolbox__rosidl_typesupport_c.dir/rosidl_typesupport_c/slam_toolbox/srv/loop_closure__type_support.cpp.o[0m
[48.517s] [ 50%] [32mBuilding CXX object CMakeFiles/slam_toolbox__rosidl_typesupport_c.dir/rosidl_typesupport_c/slam_toolbox/srv/merge_maps__type_support.cpp.o[0m
[48.600s] [ 51%] [32mBuilding CXX object CMakeFiles/slam_toolbox__rosidl_typesupport_c.dir/rosidl_typesupport_c/slam_toolbox/srv/add_submap__type_support.cpp.o[0m
[48.672s] [ 52%] [32mBuilding CXX object CMakeFiles/slam_toolbox__rosidl_typesupport_c.dir/rosidl_typesupport_c/slam_toolbox/srv/deserialize_pose_graph__type_support.cpp.o[0m
[48.743s] [ 53%] [32mBuilding CXX object CMakeFiles/slam_toolbox__rosidl_typesupport_c.dir/rosidl_typesupport_c/slam_toolbox/srv/serialize_pose_graph__type_support.cpp.o[0m
[48.810s] [ 53%] [32m[1mLinking CXX shared library libslam_toolbox__rosidl_typesupport_c.so[0m
[48.923s] [ 53%] Built target slam_toolbox__rosidl_typesupport_c
[48.944s] [ 54%] [34m[1mGenerating C++ introspection for ROS interfaces[0m
[50.323s] [ 54%] [32mBuilding CXX object CMakeFiles/slam_toolbox__rosidl_typesupport_introspection_cpp.dir/rosidl_typesupport_introspection_cpp/slam_toolbox/srv/detail/pause__type_support.cpp.o[0m
[51.088s] [ 55%] [32mBuilding CXX object CMakeFiles/slam_toolbox__rosidl_typesupport_introspection_cpp.dir/rosidl_typesupport_introspection_cpp/slam_toolbox/srv/detail/clear_queue__type_support.cpp.o[0m
[51.892s] [ 56%] [32mBuilding CXX object CMakeFiles/slam_toolbox__rosidl_typesupport_introspection_cpp.dir/rosidl_typesupport_introspection_cpp/slam_toolbox/srv/detail/toggle_interactive__type_support.cpp.o[0m
[52.682s] [ 56%] [32mBuilding CXX object CMakeFiles/slam_toolbox__rosidl_typesupport_introspection_cpp.dir/rosidl_typesupport_introspection_cpp/slam_toolbox/srv/detail/clear__type_support.cpp.o[0m
[53.441s] [ 57%] [32mBuilding CXX object CMakeFiles/slam_toolbox__rosidl_typesupport_introspection_cpp.dir/rosidl_typesupport_introspection_cpp/slam_toolbox/srv/detail/save_map__type_support.cpp.o[0m
[54.272s] [ 58%] [32mBuilding CXX object CMakeFiles/slam_toolbox__rosidl_typesupport_introspection_cpp.dir/rosidl_typesupport_introspection_cpp/slam_toolbox/srv/detail/loop_closure__type_support.cpp.o[0m
[55.098s] [ 59%] [32mBuilding CXX object CMakeFiles/slam_toolbox__rosidl_typesupport_introspection_cpp.dir/rosidl_typesupport_introspection_cpp/slam_toolbox/srv/detail/merge_maps__type_support.cpp.o[0m
[55.841s] [ 59%] [32mBuilding CXX object CMakeFiles/slam_toolbox__rosidl_typesupport_introspection_cpp.dir/rosidl_typesupport_introspection_cpp/slam_toolbox/srv/detail/add_submap__type_support.cpp.o[0m
[56.602s] [ 60%] [32mBuilding CXX object CMakeFiles/slam_toolbox__rosidl_typesupport_introspection_cpp.dir/rosidl_typesupport_introspection_cpp/slam_toolbox/srv/detail/deserialize_pose_graph__type_support.cpp.o[0m
[57.440s] [ 61%] [32mBuilding CXX object CMakeFiles/slam_toolbox__rosidl_typesupport_introspection_cpp.dir/rosidl_typesupport_introspection_cpp/slam_toolbox/srv/detail/serialize_pose_graph__type_support.cpp.o[0m
[58.180s] [ 61%] [32m[1mLinking CXX shared library libslam_toolbox__rosidl_typesupport_introspection_cpp.so[0m
[58.349s] [ 61%] Built target slam_toolbox__rosidl_typesupport_introspection_cpp
[59.078s] running egg_info
[59.079s] creating slam_toolbox.egg-info
[59.080s] writing slam_toolbox.egg-info/PKG-INFO
[59.080s] writing dependency_links to slam_toolbox.egg-info/dependency_links.txt
[59.080s] writing top-level names to slam_toolbox.egg-info/top_level.txt
[59.081s] writing manifest file 'slam_toolbox.egg-info/SOURCES.txt'
[59.094s] reading manifest file 'slam_toolbox.egg-info/SOURCES.txt'
[59.094s] writing manifest file 'slam_toolbox.egg-info/SOURCES.txt'
[59.131s] [ 61%] Built target ament_cmake_python_build_slam_toolbox_egg
[59.151s] [ 61%] [34m[1mGenerating rviz_plugin/moc_slam_toolbox_rviz_plugin.cpp[0m
[59.229s] [ 62%] [32mBuilding CXX object CMakeFiles/SlamToolboxPlugin.dir/rviz_plugin/slam_toolbox_rviz_plugin.cpp.o[0m
[69.118s] [ 63%] [32m[1mLinking CXX shared library libkartoSlamToolbox.so[0m
[70.124s] [ 63%] Built target kartoSlamToolbox
[70.141s] [ 64%] [32mBuilding CXX object CMakeFiles/SlamToolboxPlugin.dir/rviz_plugin/moc_slam_toolbox_rviz_plugin.cpp.o[0m
[82.142s] [ 64%] Built target slam_toolbox
[82.184s] [ 65%] [32mBuilding CXX object CMakeFiles/ceres_solver_plugin.dir/solvers/ceres_solver.cpp.o[0m
[95.587s] [ 65%] [32m[1mLinking CXX shared library libSlamToolboxPlugin.so[0m
[97.849s] [ 65%] Built target SlamToolboxPlugin
[104.590s] [ 66%] [32m[1mLinking CXX shared library libceres_solver_plugin.so[0m
[105.049s] [ 66%] Built target ceres_solver_plugin
[105.095s] [ 66%] [34m[1mGenerating Python code for ROS interfaces[0m
[105.102s] [ 67%] [32mBuilding CXX object CMakeFiles/toolbox_common.dir/src/slam_toolbox_common.cpp.o[0m
[108.298s] [ 67%] Built target slam_toolbox__py
[108.340s] [ 68%] [32mBuilding C object CMakeFiles/slam_toolbox__rosidl_generator_py.dir/rosidl_generator_py/slam_toolbox/srv/_pause_s.c.o[0m
[108.769s] [ 68%] [32mBuilding C object CMakeFiles/slam_toolbox__rosidl_generator_py.dir/rosidl_generator_py/slam_toolbox/srv/_clear_queue_s.c.o[0m
[109.014s] [ 69%] [32mBuilding C object CMakeFiles/slam_toolbox__rosidl_generator_py.dir/rosidl_generator_py/slam_toolbox/srv/_toggle_interactive_s.c.o[0m
[109.259s] [ 70%] [32mBuilding C object CMakeFiles/slam_toolbox__rosidl_generator_py.dir/rosidl_generator_py/slam_toolbox/srv/_clear_s.c.o[0m
[109.506s] [ 70%] [32mBuilding C object CMakeFiles/slam_toolbox__rosidl_generator_py.dir/rosidl_generator_py/slam_toolbox/srv/_save_map_s.c.o[0m
[109.752s] [ 71%] [32mBuilding C object CMakeFiles/slam_toolbox__rosidl_generator_py.dir/rosidl_generator_py/slam_toolbox/srv/_loop_closure_s.c.o[0m
[110.099s] [ 72%] [32mBuilding C object CMakeFiles/slam_toolbox__rosidl_generator_py.dir/rosidl_generator_py/slam_toolbox/srv/_merge_maps_s.c.o[0m
[110.334s] [ 73%] [32mBuilding C object CMakeFiles/slam_toolbox__rosidl_generator_py.dir/rosidl_generator_py/slam_toolbox/srv/_add_submap_s.c.o[0m
[110.618s] [ 73%] [32mBuilding C object CMakeFiles/slam_toolbox__rosidl_generator_py.dir/rosidl_generator_py/slam_toolbox/srv/_deserialize_pose_graph_s.c.o[0m
[110.887s] [ 74%] [32mBuilding C object CMakeFiles/slam_toolbox__rosidl_generator_py.dir/rosidl_generator_py/slam_toolbox/srv/_serialize_pose_graph_s.c.o[0m
[111.170s] [ 75%] [32m[1mLinking C shared library rosidl_generator_py/slam_toolbox/libslam_toolbox__rosidl_generator_py.so[0m
[111.256s] [ 75%] Built target slam_toolbox__rosidl_generator_py
[111.296s] [ 76%] [32mBuilding C object CMakeFiles/slam_toolbox__rosidl_typesupport_fastrtps_c__pyext.dir/rosidl_generator_py/slam_toolbox/_slam_toolbox_s.ep.rosidl_typesupport_fastrtps_c.c.o[0m
[111.916s] [ 76%] [32m[1mLinking C shared library rosidl_generator_py/slam_toolbox/slam_toolbox_s__rosidl_typesupport_fastrtps_c.cpython-310-x86_64-linux-gnu.so[0m
[112.009s] [ 76%] Built target slam_toolbox__rosidl_typesupport_fastrtps_c__pyext
[112.110s] [ 77%] [32mBuilding C object CMakeFiles/slam_toolbox__rosidl_typesupport_introspection_c__pyext.dir/rosidl_generator_py/slam_toolbox/_slam_toolbox_s.ep.rosidl_typesupport_introspection_c.c.o[0m
[112.755s] [ 78%] [32m[1mLinking C shared library rosidl_generator_py/slam_toolbox/slam_toolbox_s__rosidl_typesupport_introspection_c.cpython-310-x86_64-linux-gnu.so[0m
[112.842s] [ 78%] Built target slam_toolbox__rosidl_typesupport_introspection_c__pyext
[112.881s] [ 79%] [32mBuilding C object CMakeFiles/slam_toolbox__rosidl_typesupport_c__pyext.dir/rosidl_generator_py/slam_toolbox/_slam_toolbox_s.ep.rosidl_typesupport_c.c.o[0m
[113.522s] [ 80%] [32m[1mLinking C shared library rosidl_generator_py/slam_toolbox/slam_toolbox_s__rosidl_typesupport_c.cpython-310-x86_64-linux-gnu.so[0m
[113.609s] [ 80%] Built target slam_toolbox__rosidl_typesupport_c__pyext
[113.626s] [ 81%] [32mBuilding CXX object CMakeFiles/toolbox_common.dir/src/map_saver.cpp.o[0m
[149.697s] [ 81%] [32mBuilding CXX object CMakeFiles/toolbox_common.dir/src/loop_closure_assistant.cpp.o[0m
[168.394s] [ 82%] [32mBuilding CXX object CMakeFiles/toolbox_common.dir/src/laser_utils.cpp.o[0m
[182.072s] [ 83%] [32mBuilding CXX object CMakeFiles/toolbox_common.dir/src/slam_mapper.cpp.o[0m
[195.231s] [ 84%] [32m[1mLinking CXX shared library libtoolbox_common.so[0m
[195.936s] [ 84%] Built target toolbox_common
[195.963s] [ 85%] [32mBuilding CXX object CMakeFiles/async_slam_toolbox.dir/src/slam_toolbox_async.cpp.o[0m
[210.407s] [ 86%] [32m[1mLinking CXX shared library libasync_slam_toolbox.so[0m
[210.834s] [ 86%] Built target async_slam_toolbox
[210.878s] [ 87%] [32mBuilding CXX object CMakeFiles/sync_slam_toolbox.dir/src/slam_toolbox_sync.cpp.o[0m
[226.484s] [ 88%] [32m[1mLinking CXX shared library libsync_slam_toolbox.so[0m
[226.893s] [ 88%] Built target sync_slam_toolbox
[226.919s] [ 88%] [32mBuilding CXX object CMakeFiles/localization_slam_toolbox.dir/src/slam_toolbox_localization.cpp.o[0m
[248.724s] [ 89%] [32m[1mLinking CXX shared library liblocalization_slam_toolbox.so[0m
[249.268s] [ 89%] Built target localization_slam_toolbox
[249.308s] [ 90%] [32mBuilding CXX object CMakeFiles/lifelong_slam_toolbox.dir/src/experimental/slam_toolbox_lifelong.cpp.o[0m
[263.855s] [ 90%] [32m[1mLinking CXX shared library liblifelong_slam_toolbox.so[0m
[264.328s] [ 90%] Built target lifelong_slam_toolbox
[264.356s] [ 91%] [32mBuilding CXX object CMakeFiles/merge_maps_kinematic.dir/src/merge_maps_kinematic.cpp.o[0m
[283.186s] [ 92%] [32m[1mLinking CXX executable merge_maps_kinematic[0m
[283.726s] [ 92%] Built target merge_maps_kinematic
[283.757s] [ 93%] [32mBuilding CXX object CMakeFiles/async_slam_toolbox_node.dir/src/slam_toolbox_async_node.cpp.o[0m
[298.649s] [ 93%] [32m[1mLinking CXX executable async_slam_toolbox_node[0m
[299.090s] [ 93%] Built target async_slam_toolbox_node
[299.123s] [ 94%] [32mBuilding CXX object CMakeFiles/sync_slam_toolbox_node.dir/src/slam_toolbox_sync_node.cpp.o[0m
[313.461s] [ 94%] [32m[1mLinking CXX executable sync_slam_toolbox_node[0m
[313.879s] [ 94%] Built target sync_slam_toolbox_node
[313.914s] [ 95%] [32mBuilding CXX object CMakeFiles/localization_slam_toolbox_node.dir/src/slam_toolbox_localization_node.cpp.o[0m
[328.145s] [ 96%] [32m[1mLinking CXX executable localization_slam_toolbox_node[0m
[328.574s] [ 96%] Built target localization_slam_toolbox_node
[328.600s] [ 97%] [32mBuilding CXX object CMakeFiles/lifelong_slam_toolbox_node.dir/src/experimental/slam_toolbox_lifelong_node.cpp.o[0m
[343.064s] [ 98%] [32m[1mLinking CXX executable lifelong_slam_toolbox_node[0m
[343.460s] [ 98%] Built target lifelong_slam_toolbox_node
[343.486s] [ 98%] [32mBuilding CXX object CMakeFiles/map_and_localization_slam_toolbox.dir/src/experimental/slam_toolbox_map_and_localization.cpp.o[0m
[366.351s] [ 99%] [32m[1mLinking CXX shared library libmap_and_localization_slam_toolbox.so[0m
[366.873s] [ 99%] Built target map_and_localization_slam_toolbox
[366.908s] [100%] [32mBuilding CXX object CMakeFiles/map_and_localization_slam_toolbox_node.dir/src/experimental/slam_toolbox_map_and_localization_node.cpp.o[0m
[381.466s] [100%] [32m[1mLinking CXX executable map_and_localization_slam_toolbox_node[0m
[381.896s] [100%] Built target map_and_localization_slam_toolbox_node
[381.934s] Invoked command in '/workspaces/lab1/slamtoolbox/build/slam_toolbox' returned '0': CMAKE_PREFIX_PATH=${CMAKE_PREFIX_PATH}:/opt/ros/humble /usr/bin/cmake --build /workspaces/lab1/slamtoolbox/build/slam_toolbox -- -j2 -l2
[382.424s] Invoking command in '/workspaces/lab1/slamtoolbox/build/slam_toolbox': CMAKE_PREFIX_PATH=${CMAKE_PREFIX_PATH}:/opt/ros/humble /usr/bin/cmake --install /workspaces/lab1/slamtoolbox/build/slam_toolbox
[382.435s] -- Install configuration: "Release"
[382.436s] -- Installing: /workspaces/lab1/slamtoolbox/install/slam_toolbox/share/ament_index/resource_index/rosidl_interfaces/slam_toolbox
[382.436s] -- Installing: /workspaces/lab1/slamtoolbox/install/slam_toolbox/include/slam_toolbox/slam_toolbox
[382.437s] -- Installing: /workspaces/lab1/slamtoolbox/install/slam_toolbox/include/slam_toolbox/slam_toolbox/msg
[382.438s] -- Installing: /workspaces/lab1/slamtoolbox/install/slam_toolbox/include/slam_toolbox/slam_toolbox/msg/rosidl_generator_c__visibility_control.h
[382.438s] -- Installing: /workspaces/lab1/slamtoolbox/install/slam_toolbox/include/slam_toolbox/slam_toolbox/srv
[382.439s] -- Installing: /workspaces/lab1/slamtoolbox/install/slam_toolbox/include/slam_toolbox/slam_toolbox/srv/deserialize_pose_graph.h
[382.439s] -- Installing: /workspaces/lab1/slamtoolbox/install/slam_toolbox/include/slam_toolbox/slam_toolbox/srv/clear.h
[382.440s] -- Installing: /workspaces/lab1/slamtoolbox/install/slam_toolbox/include/slam_toolbox/slam_toolbox/srv/detail
[382.441s] -- Installing: /workspaces/lab1/slamtoolbox/install/slam_toolbox/include/slam_toolbox/slam_toolbox/srv/detail/add_submap__functions.h
[382.441s] -- Installing: /workspaces/lab1/slamtoolbox/install/slam_toolbox/include/slam_toolbox/slam_toolbox/srv/detail/loop_closure__struct.h
[382.442s] -- Installing: /workspaces/lab1/slamtoolbox/install/slam_toolbox/include/slam_toolbox/slam_toolbox/srv/detail/toggle_interactive__struct.h
[382.443s] -- Installing: /workspaces/lab1/slamtoolbox/install/slam_toolbox/include/slam_toolbox/slam_toolbox/srv/detail/save_map__functions.c
[382.443s] -- Installing: /workspaces/lab1/slamtoolbox/install/slam_toolbox/include/slam_toolbox/slam_toolbox/srv/detail/clear__type_support.h
[382.444s] -- Installing: /workspaces/lab1/slamtoolbox/install/slam_toolbox/include/slam_toolbox/slam_toolbox/srv/detail/deserialize_pose_graph__type_support.h
[382.444s] -- Installing: /workspaces/lab1/slamtoolbox/install/slam_toolbox/include/slam_toolbox/slam_toolbox/srv/detail/clear__functions.h
[382.445s] -- Installing: /workspaces/lab1/slamtoolbox/install/slam_toolbox/include/slam_toolbox/slam_toolbox/srv/detail/save_map__struct.h
[382.446s] -- Installing: /workspaces/lab1/slamtoolbox/install/slam_toolbox/include/slam_toolbox/slam_toolbox/srv/detail/merge_maps__struct.h
[382.446s] -- Installing: /workspaces/lab1/slamtoolbox/install/slam_toolbox/include/slam_toolbox/slam_toolbox/srv/detail/clear_queue__type_support.h
[382.447s] -- Installing: /workspaces/lab1/slamtoolbox/install/slam_toolbox/include/slam_toolbox/slam_toolbox/srv/detail/pause__type_support.h
[382.448s] -- Installing: /workspaces/lab1/slamtoolbox/install/slam_toolbox/include/slam_toolbox/slam_toolbox/srv/detail/deserialize_pose_graph__struct.h
[382.448s] -- Installing: /workspaces/lab1/slamtoolbox/install/slam_toolbox/include/slam_toolbox/slam_toolbox/srv/detail/serialize_pose_graph__functions.h
[382.449s] -- Installing: /workspaces/lab1/slamtoolbox/install/slam_toolbox/include/slam_toolbox/slam_toolbox/srv/detail/toggle_interactive__functions.h
[382.449s] -- Installing: /workspaces/lab1/slamtoolbox/install/slam_toolbox/include/slam_toolbox/slam_toolbox/srv/detail/merge_maps__functions.c
[382.450s] -- Installing: /workspaces/lab1/slamtoolbox/install/slam_toolbox/include/slam_toolbox/slam_toolbox/srv/detail/clear_queue__functions.c
[382.451s] -- Installing: /workspaces/lab1/slamtoolbox/install/slam_toolbox/include/slam_toolbox/slam_toolbox/srv/detail/loop_closure__functions.h
[382.451s] -- Installing: /workspaces/lab1/slamtoolbox/install/slam_toolbox/include/slam_toolbox/slam_toolbox/srv/detail/deserialize_pose_graph__functions.c
[382.452s] -- Installing: /workspaces/lab1/slamtoolbox/install/slam_toolbox/include/slam_toolbox/slam_toolbox/srv/detail/add_submap__struct.h
[382.452s] -- Installing: /workspaces/lab1/slamtoolbox/install/slam_toolbox/include/slam_toolbox/slam_toolbox/srv/detail/serialize_pose_graph__functions.c
[382.453s] -- Installing: /workspaces/lab1/slamtoolbox/install/slam_toolbox/include/slam_toolbox/slam_toolbox/srv/detail/clear__functions.c
[382.454s] -- Installing: /workspaces/lab1/slamtoolbox/install/slam_toolbox/include/slam_toolbox/slam_toolbox/srv/detail/loop_closure__type_support.h
[382.454s] -- Installing: /workspaces/lab1/slamtoolbox/install/slam_toolbox/include/slam_toolbox/slam_toolbox/srv/detail/toggle_interactive__functions.c
[382.455s] -- Installing: /workspaces/lab1/slamtoolbox/install/slam_toolbox/include/slam_toolbox/slam_toolbox/srv/detail/add_submap__functions.c
[382.455s] -- Installing: /workspaces/lab1/slamtoolbox/install/slam_toolbox/include/slam_toolbox/slam_toolbox/srv/detail/loop_closure__functions.c
[382.456s] -- Installing: /workspaces/lab1/slamtoolbox/install/slam_toolbox/include/slam_toolbox/slam_toolbox/srv/detail/pause__struct.h
[382.457s] -- Installing: /workspaces/lab1/slamtoolbox/install/slam_toolbox/include/slam_toolbox/slam_toolbox/srv/detail/pause__functions.h
[382.457s] -- Installing: /workspaces/lab1/slamtoolbox/install/slam_toolbox/include/slam_toolbox/slam_toolbox/srv/detail/merge_maps__functions.h
[382.458s] -- Installing: /workspaces/lab1/slamtoolbox/install/slam_toolbox/include/slam_toolbox/slam_toolbox/srv/detail/add_submap__type_support.h
[382.459s] -- Installing: /workspaces/lab1/slamtoolbox/install/slam_toolbox/include/slam_toolbox/slam_toolbox/srv/detail/save_map__functions.h
[382.460s] -- Installing: /workspaces/lab1/slamtoolbox/install/slam_toolbox/include/slam_toolbox/slam_toolbox/srv/detail/clear__struct.h
[382.460s] -- Installing: /workspaces/lab1/slamtoolbox/install/slam_toolbox/include/slam_toolbox/slam_toolbox/srv/detail/merge_maps__type_support.h
[382.461s] -- Installing: /workspaces/lab1/slamtoolbox/install/slam_toolbox/include/slam_toolbox/slam_toolbox/srv/detail/clear_queue__functions.h
[382.461s] -- Installing: /workspaces/lab1/slamtoolbox/install/slam_toolbox/include/slam_toolbox/slam_toolbox/srv/detail/serialize_pose_graph__type_support.h
[382.462s] -- Installing: /workspaces/lab1/slamtoolbox/install/slam_toolbox/include/slam_toolbox/slam_toolbox/srv/detail/deserialize_pose_graph__functions.h
[382.462s] -- Installing: /workspaces/lab1/slamtoolbox/install/slam_toolbox/include/slam_toolbox/slam_toolbox/srv/detail/pause__functions.c
[382.463s] -- Installing: /workspaces/lab1/slamtoolbox/install/slam_toolbox/include/slam_toolbox/slam_toolbox/srv/detail/toggle_interactive__type_support.h
[382.464s] -- Installing: /workspaces/lab1/slamtoolbox/install/slam_toolbox/include/slam_toolbox/slam_toolbox/srv/detail/serialize_pose_graph__struct.h
[382.465s] -- Installing: /workspaces/lab1/slamtoolbox/install/slam_toolbox/include/slam_toolbox/slam_toolbox/srv/detail/save_map__type_support.h
[382.465s] -- Installing: /workspaces/lab1/slamtoolbox/install/slam_toolbox/include/slam_toolbox/slam_toolbox/srv/detail/clear_queue__struct.h
[382.465s] -- Installing: /workspaces/lab1/slamtoolbox/install/slam_toolbox/include/slam_toolbox/slam_toolbox/srv/add_submap.h
[382.466s] -- Installing: /workspaces/lab1/slamtoolbox/install/slam_toolbox/include/slam_toolbox/slam_toolbox/srv/save_map.h
[382.466s] -- Installing: /workspaces/lab1/slamtoolbox/install/slam_toolbox/include/slam_toolbox/slam_toolbox/srv/serialize_pose_graph.h
[382.467s] -- Installing: /workspaces/lab1/slamtoolbox/install/slam_toolbox/include/slam_toolbox/slam_toolbox/srv/pause.h
[382.468s] -- Installing: /workspaces/lab1/slamtoolbox/install/slam_toolbox/include/slam_toolbox/slam_toolbox/srv/merge_maps.h
[382.468s] -- Installing: /workspaces/lab1/slamtoolbox/install/slam_toolbox/include/slam_toolbox/slam_toolbox/srv/toggle_interactive.h
[382.469s] -- Installing: /workspaces/lab1/slamtoolbox/install/slam_toolbox/include/slam_toolbox/slam_toolbox/srv/loop_closure.h
[382.469s] -- Installing: /workspaces/lab1/slamtoolbox/install/slam_toolbox/include/slam_toolbox/slam_toolbox/srv/clear_queue.h
[382.470s] -- Installing: /workspaces/lab1/slamtoolbox/install/slam_toolbox/share/slam_toolbox/environment/library_path.sh
[382.470s] -- Installing: /workspaces/lab1/slamtoolbox/install/slam_toolbox/share/slam_toolbox/environment/library_path.dsv
[382.471s] -- Installing: /workspaces/lab1/slamtoolbox/install/slam_toolbox/lib/libslam_toolbox__rosidl_generator_c.so
[382.472s] -- Set runtime path of "/workspaces/lab1/slamtoolbox/install/slam_toolbox/lib/libslam_toolbox__rosidl_generator_c.so" to ""
[382.472s] -- Up-to-date: /workspaces/lab1/slamtoolbox/install/slam_toolbox/include/slam_toolbox/slam_toolbox
[382.473s] -- Up-to-date: /workspaces/lab1/slamtoolbox/install/slam_toolbox/include/slam_toolbox/slam_toolbox/msg
[382.473s] -- Installing: /workspaces/lab1/slamtoolbox/install/slam_toolbox/include/slam_toolbox/slam_toolbox/msg/rosidl_typesupport_fastrtps_c__visibility_control.h
[382.474s] -- Up-to-date: /workspaces/lab1/slamtoolbox/install/slam_toolbox/include/slam_toolbox/slam_toolbox/srv
[382.474s] -- Up-to-date: /workspaces/lab1/slamtoolbox/install/slam_toolbox/include/slam_toolbox/slam_toolbox/srv/detail
[382.475s] -- Installing: /workspaces/lab1/slamtoolbox/install/slam_toolbox/include/slam_toolbox/slam_toolbox/srv/detail/loop_closure__rosidl_typesupport_fastrtps_c.h
[382.476s] -- Installing: /workspaces/lab1/slamtoolbox/install/slam_toolbox/include/slam_toolbox/slam_toolbox/srv/detail/deserialize_pose_graph__rosidl_typesupport_fastrtps_c.h
[382.476s] -- Installing: /workspaces/lab1/slamtoolbox/install/slam_toolbox/include/slam_toolbox/slam_toolbox/srv/detail/add_submap__rosidl_typesupport_fastrtps_c.h
[382.477s] -- Installing: /workspaces/lab1/slamtoolbox/install/slam_toolbox/include/slam_toolbox/slam_toolbox/srv/detail/toggle_interactive__rosidl_typesupport_fastrtps_c.h
[382.477s] -- Installing: /workspaces/lab1/slamtoolbox/install/slam_toolbox/include/slam_toolbox/slam_toolbox/srv/detail/clear__rosidl_typesupport_fastrtps_c.h
[382.478s] -- Installing: /workspaces/lab1/slamtoolbox/install/slam_toolbox/include/slam_toolbox/slam_toolbox/srv/detail/save_map__rosidl_typesupport_fastrtps_c.h
[382.478s] -- Installing: /workspaces/lab1/slamtoolbox/install/slam_toolbox/include/slam_toolbox/slam_toolbox/srv/detail/merge_maps__rosidl_typesupport_fastrtps_c.h
[382.479s] -- Installing: /workspaces/lab1/slamtoolbox/install/slam_toolbox/include/slam_toolbox/slam_toolbox/srv/detail/clear_queue__rosidl_typesupport_fastrtps_c.h
[382.480s] -- Installing: /workspaces/lab1/slamtoolbox/install/slam_toolbox/include/slam_toolbox/slam_toolbox/srv/detail/pause__rosidl_typesupport_fastrtps_c.h
[382.481s] -- Installing: /workspaces/lab1/slamtoolbox/install/slam_toolbox/include/slam_toolbox/slam_toolbox/srv/detail/serialize_pose_graph__rosidl_typesupport_fastrtps_c.h
[382.481s] -- Installing: /workspaces/lab1/slamtoolbox/install/slam_toolbox/lib/libslam_toolbox__rosidl_typesupport_fastrtps_c.so
[382.482s] -- Set runtime path of "/workspaces/lab1/slamtoolbox/install/slam_toolbox/lib/libslam_toolbox__rosidl_typesupport_fastrtps_c.so" to ""
[382.482s] -- Up-to-date: /workspaces/lab1/slamtoolbox/install/slam_toolbox/include/slam_toolbox/slam_toolbox
[382.483s] -- Up-to-date: /workspaces/lab1/slamtoolbox/install/slam_toolbox/include/slam_toolbox/slam_toolbox/srv
[382.484s] -- Installing: /workspaces/lab1/slamtoolbox/install/slam_toolbox/include/slam_toolbox/slam_toolbox/srv/clear.hpp
[382.484s] -- Installing: /workspaces/lab1/slamtoolbox/install/slam_toolbox/include/slam_toolbox/slam_toolbox/srv/pause.hpp
[382.485s] -- Installing: /workspaces/lab1/slamtoolbox/install/slam_toolbox/include/slam_toolbox/slam_toolbox/srv/serialize_pose_graph.hpp
[382.485s] -- Installing: /workspaces/lab1/slamtoolbox/install/slam_toolbox/include/slam_toolbox/slam_toolbox/srv/add_submap.hpp
[382.486s] -- Up-to-date: /workspaces/lab1/slamtoolbox/install/slam_toolbox/include/slam_toolbox/slam_toolbox/srv/detail
[382.488s] -- Installing: /workspaces/lab1/slamtoolbox/install/slam_toolbox/include/slam_toolbox/slam_toolbox/srv/detail/add_submap__traits.hpp
[382.489s] -- Installing: /workspaces/lab1/slamtoolbox/install/slam_toolbox/include/slam_toolbox/slam_toolbox/srv/detail/add_submap__struct.hpp
[382.490s] -- Installing: /workspaces/lab1/slamtoolbox/install/slam_toolbox/include/slam_toolbox/slam_toolbox/srv/detail/pause__builder.hpp
[382.490s] -- Installing: /workspaces/lab1/slamtoolbox/install/slam_toolbox/include/slam_toolbox/slam_toolbox/srv/detail/merge_maps__struct.hpp
[382.491s] -- Installing: /workspaces/lab1/slamtoolbox/install/slam_toolbox/include/slam_toolbox/slam_toolbox/srv/detail/serialize_pose_graph__builder.hpp
[382.492s] -- Installing: /workspaces/lab1/slamtoolbox/install/slam_toolbox/include/slam_toolbox/slam_toolbox/srv/detail/loop_closure__struct.hpp
[382.493s] -- Installing: /workspaces/lab1/slamtoolbox/install/slam_toolbox/include/slam_toolbox/slam_toolbox/srv/detail/serialize_pose_graph__traits.hpp
[382.493s] -- Installing: /workspaces/lab1/slamtoolbox/install/slam_toolbox/include/slam_toolbox/slam_toolbox/srv/detail/toggle_interactive__struct.hpp
[382.494s] -- Installing: /workspaces/lab1/slamtoolbox/install/slam_toolbox/include/slam_toolbox/slam_toolbox/srv/detail/clear__builder.hpp
[382.495s] -- Installing: /workspaces/lab1/slamtoolbox/install/slam_toolbox/include/slam_toolbox/slam_toolbox/srv/detail/pause__traits.hpp
[382.495s] -- Installing: /workspaces/lab1/slamtoolbox/install/slam_toolbox/include/slam_toolbox/slam_toolbox/srv/detail/clear__struct.hpp
[382.496s] -- Installing: /workspaces/lab1/slamtoolbox/install/slam_toolbox/include/slam_toolbox/slam_toolbox/srv/detail/toggle_interactive__builder.hpp
[382.496s] -- Installing: /workspaces/lab1/slamtoolbox/install/slam_toolbox/include/slam_toolbox/slam_toolbox/srv/detail/merge_maps__traits.hpp
[382.497s] -- Installing: /workspaces/lab1/slamtoolbox/install/slam_toolbox/include/slam_toolbox/slam_toolbox/srv/detail/save_map__builder.hpp
[382.498s] -- Installing: /workspaces/lab1/slamtoolbox/install/slam_toolbox/include/slam_toolbox/slam_toolbox/srv/detail/clear__traits.hpp
[382.498s] -- Installing: /workspaces/lab1/slamtoolbox/install/slam_toolbox/include/slam_toolbox/slam_toolbox/srv/detail/add_submap__builder.hpp
[382.499s] -- Installing: /workspaces/lab1/slamtoolbox/install/slam_toolbox/include/slam_toolbox/slam_toolbox/srv/detail/save_map__struct.hpp
[382.500s] -- Installing: /workspaces/lab1/slamtoolbox/install/slam_toolbox/include/slam_toolbox/slam_toolbox/srv/detail/loop_closure__builder.hpp
[382.501s] -- Installing: /workspaces/lab1/slamtoolbox/install/slam_toolbox/include/slam_toolbox/slam_toolbox/srv/detail/deserialize_pose_graph__traits.hpp
[382.501s] -- Installing: /workspaces/lab1/slamtoolbox/install/slam_toolbox/include/slam_toolbox/slam_toolbox/srv/detail/clear_queue__builder.hpp
[382.502s] -- Installing: /workspaces/lab1/slamtoolbox/install/slam_toolbox/include/slam_toolbox/slam_toolbox/srv/detail/save_map__traits.hpp
[382.502s] -- Installing: /workspaces/lab1/slamtoolbox/install/slam_toolbox/include/slam_toolbox/slam_toolbox/srv/detail/toggle_interactive__traits.hpp
[382.503s] -- Installing: /workspaces/lab1/slamtoolbox/install/slam_toolbox/include/slam_toolbox/slam_toolbox/srv/detail/deserialize_pose_graph__struct.hpp
[382.503s] -- Installing: /workspaces/lab1/slamtoolbox/install/slam_toolbox/include/slam_toolbox/slam_toolbox/srv/detail/clear_queue__traits.hpp
[382.504s] -- Installing: /workspaces/lab1/slamtoolbox/install/slam_toolbox/include/slam_toolbox/slam_toolbox/srv/detail/pause__struct.hpp
[382.505s] -- Installing: /workspaces/lab1/slamtoolbox/install/slam_toolbox/include/slam_toolbox/slam_toolbox/srv/detail/loop_closure__traits.hpp
[382.507s] -- Installing: /workspaces/lab1/slamtoolbox/install/slam_toolbox/include/slam_toolbox/slam_toolbox/srv/detail/clear_queue__struct.hpp
[382.507s] -- Installing: /workspaces/lab1/slamtoolbox/install/slam_toolbox/include/slam_toolbox/slam_toolbox/srv/detail/merge_maps__builder.hpp
[382.508s] -- Installing: /workspaces/lab1/slamtoolbox/install/slam_toolbox/include/slam_toolbox/slam_toolbox/srv/detail/serialize_pose_graph__struct.hpp
[382.509s] -- Installing: /workspaces/lab1/slamtoolbox/install/slam_toolbox/include/slam_toolbox/slam_toolbox/srv/detail/deserialize_pose_graph__builder.hpp
[382.509s] -- Installing: /workspaces/lab1/slamtoolbox/install/slam_toolbox/include/slam_toolbox/slam_toolbox/srv/deserialize_pose_graph.hpp
[382.510s] -- Installing: /workspaces/lab1/slamtoolbox/install/slam_toolbox/include/slam_toolbox/slam_toolbox/srv/clear_queue.hpp
[382.510s] -- Installing: /workspaces/lab1/slamtoolbox/install/slam_toolbox/include/slam_toolbox/slam_toolbox/srv/save_map.hpp
[382.511s] -- Installing: /workspaces/lab1/slamtoolbox/install/slam_toolbox/include/slam_toolbox/slam_toolbox/srv/merge_maps.hpp
[382.512s] -- Installing: /workspaces/lab1/slamtoolbox/install/slam_toolbox/include/slam_toolbox/slam_toolbox/srv/toggle_interactive.hpp
[382.512s] -- Installing: /workspaces/lab1/slamtoolbox/install/slam_toolbox/include/slam_toolbox/slam_toolbox/srv/loop_closure.hpp
[382.513s] -- Up-to-date: /workspaces/lab1/slamtoolbox/install/slam_toolbox/include/slam_toolbox/slam_toolbox
[382.513s] -- Up-to-date: /workspaces/lab1/slamtoolbox/install/slam_toolbox/include/slam_toolbox/slam_toolbox/msg
[382.514s] -- Installing: /workspaces/lab1/slamtoolbox/install/slam_toolbox/include/slam_toolbox/slam_toolbox/msg/rosidl_typesupport_fastrtps_cpp__visibility_control.h
[382.516s] -- Up-to-date: /workspaces/lab1/slamtoolbox/install/slam_toolbox/include/slam_toolbox/slam_toolbox/srv
[382.517s] -- Up-to-date: /workspaces/lab1/slamtoolbox/install/slam_toolbox/include/slam_toolbox/slam_toolbox/srv/detail
[382.518s] -- Installing: /workspaces/lab1/slamtoolbox/install/slam_toolbox/include/slam_toolbox/slam_toolbox/srv/detail/pause__rosidl_typesupport_fastrtps_cpp.hpp
[382.519s] -- Installing: /workspaces/lab1/slamtoolbox/install/slam_toolbox/include/slam_toolbox/slam_toolbox/srv/detail/serialize_pose_graph__rosidl_typesupport_fastrtps_cpp.hpp
[382.519s] -- Installing: /workspaces/lab1/slamtoolbox/install/slam_toolbox/include/slam_toolbox/slam_toolbox/srv/detail/toggle_interactive__rosidl_typesupport_fastrtps_cpp.hpp
[382.520s] -- Installing: /workspaces/lab1/slamtoolbox/install/slam_toolbox/include/slam_toolbox/slam_toolbox/srv/detail/save_map__rosidl_typesupport_fastrtps_cpp.hpp
[382.521s] -- Installing: /workspaces/lab1/slamtoolbox/install/slam_toolbox/include/slam_toolbox/slam_toolbox/srv/detail/dds_fastrtps
[382.521s] -- Installing: /workspaces/lab1/slamtoolbox/install/slam_toolbox/include/slam_toolbox/slam_toolbox/srv/detail/loop_closure__rosidl_typesupport_fastrtps_cpp.hpp
[382.521s] -- Installing: /workspaces/lab1/slamtoolbox/install/slam_toolbox/include/slam_toolbox/slam_toolbox/srv/detail/add_submap__rosidl_typesupport_fastrtps_cpp.hpp
[382.522s] -- Installing: /workspaces/lab1/slamtoolbox/install/slam_toolbox/include/slam_toolbox/slam_toolbox/srv/detail/merge_maps__rosidl_typesupport_fastrtps_cpp.hpp
[382.522s] -- Installing: /workspaces/lab1/slamtoolbox/install/slam_toolbox/include/slam_toolbox/slam_toolbox/srv/detail/clear_queue__rosidl_typesupport_fastrtps_cpp.hpp
[382.522s] -- Installing: /workspaces/lab1/slamtoolbox/install/slam_toolbox/include/slam_toolbox/slam_toolbox/srv/detail/deserialize_pose_graph__rosidl_typesupport_fastrtps_cpp.hpp
[382.522s] -- Installing: /workspaces/lab1/slamtoolbox/install/slam_toolbox/include/slam_toolbox/slam_toolbox/srv/detail/clear__rosidl_typesupport_fastrtps_cpp.hpp
[382.522s] -- Installing: /workspaces/lab1/slamtoolbox/install/slam_toolbox/lib/libslam_toolbox__rosidl_typesupport_fastrtps_cpp.so
[382.522s] -- Set runtime path of "/workspaces/lab1/slamtoolbox/install/slam_toolbox/lib/libslam_toolbox__rosidl_typesupport_fastrtps_cpp.so" to ""
[382.522s] -- Up-to-date: /workspaces/lab1/slamtoolbox/install/slam_toolbox/include/slam_toolbox/slam_toolbox
[382.523s] -- Up-to-date: /workspaces/lab1/slamtoolbox/install/slam_toolbox/include/slam_toolbox/slam_toolbox/msg
[382.523s] -- Installing: /workspaces/lab1/slamtoolbox/install/slam_toolbox/include/slam_toolbox/slam_toolbox/msg/rosidl_typesupport_introspection_c__visibility_control.h
[382.523s] -- Up-to-date: /workspaces/lab1/slamtoolbox/install/slam_toolbox/include/slam_toolbox/slam_toolbox/srv
[382.523s] -- Up-to-date: /workspaces/lab1/slamtoolbox/install/slam_toolbox/include/slam_toolbox/slam_toolbox/srv/detail
[382.523s] -- Installing: /workspaces/lab1/slamtoolbox/install/slam_toolbox/include/slam_toolbox/slam_toolbox/srv/detail/clear__type_support.c
[382.523s] -- Installing: /workspaces/lab1/slamtoolbox/install/slam_toolbox/include/slam_toolbox/slam_toolbox/srv/detail/add_submap__rosidl_typesupport_introspection_c.h
[382.523s] -- Installing: /workspaces/lab1/slamtoolbox/install/slam_toolbox/include/slam_toolbox/slam_toolbox/srv/detail/loop_closure__rosidl_typesupport_introspection_c.h
[382.523s] -- Installing: /workspaces/lab1/slamtoolbox/install/slam_toolbox/include/slam_toolbox/slam_toolbox/srv/detail/serialize_pose_graph__rosidl_typesupport_introspection_c.h
[382.524s] -- Installing: /workspaces/lab1/slamtoolbox/install/slam_toolbox/include/slam_toolbox/slam_toolbox/srv/detail/serialize_pose_graph__type_support.c
[382.524s] -- Installing: /workspaces/lab1/slamtoolbox/install/slam_toolbox/include/slam_toolbox/slam_toolbox/srv/detail/clear_queue__rosidl_typesupport_introspection_c.h
[382.524s] -- Installing: /workspaces/lab1/slamtoolbox/install/slam_toolbox/include/slam_toolbox/slam_toolbox/srv/detail/deserialize_pose_graph__type_support.c
[382.524s] -- Installing: /workspaces/lab1/slamtoolbox/install/slam_toolbox/include/slam_toolbox/slam_toolbox/srv/detail/toggle_interactive__type_support.c
[382.524s] -- Installing: /workspaces/lab1/slamtoolbox/install/slam_toolbox/include/slam_toolbox/slam_toolbox/srv/detail/merge_maps__type_support.c
[382.524s] -- Installing: /workspaces/lab1/slamtoolbox/install/slam_toolbox/include/slam_toolbox/slam_toolbox/srv/detail/toggle_interactive__rosidl_typesupport_introspection_c.h
[382.524s] -- Installing: /workspaces/lab1/slamtoolbox/install/slam_toolbox/include/slam_toolbox/slam_toolbox/srv/detail/save_map__type_support.c
[382.525s] -- Installing: /workspaces/lab1/slamtoolbox/install/slam_toolbox/include/slam_toolbox/slam_toolbox/srv/detail/pause__type_support.c
[382.525s] -- Installing: /workspaces/lab1/slamtoolbox/install/slam_toolbox/include/slam_toolbox/slam_toolbox/srv/detail/merge_maps__rosidl_typesupport_introspection_c.h
[382.525s] -- Installing: /workspaces/lab1/slamtoolbox/install/slam_toolbox/include/slam_toolbox/slam_toolbox/srv/detail/loop_closure__type_support.c
[382.525s] -- Installing: /workspaces/lab1/slamtoolbox/install/slam_toolbox/include/slam_toolbox/slam_toolbox/srv/detail/deserialize_pose_graph__rosidl_typesupport_introspection_c.h
[382.525s] -- Installing: /workspaces/lab1/slamtoolbox/install/slam_toolbox/include/slam_toolbox/slam_toolbox/srv/detail/pause__rosidl_typesupport_introspection_c.h
[382.534s] -- Installing: /workspaces/lab1/slamtoolbox/install/slam_toolbox/include/slam_toolbox/slam_toolbox/srv/detail/add_submap__type_support.c
[382.534s] -- Installing: /workspaces/lab1/slamtoolbox/install/slam_toolbox/include/slam_toolbox/slam_toolbox/srv/detail/clear__rosidl_typesupport_introspection_c.h
[382.534s] -- Installing: /workspaces/lab1/slamtoolbox/install/slam_toolbox/include/slam_toolbox/slam_toolbox/srv/detail/clear_queue__type_support.c
[382.535s] -- Installing: /workspaces/lab1/slamtoolbox/install/slam_toolbox/include/slam_toolbox/slam_toolbox/srv/detail/save_map__rosidl_typesupport_introspection_c.h
[382.535s] -- Installing: /workspaces/lab1/slamtoolbox/install/slam_toolbox/lib/libslam_toolbox__rosidl_typesupport_introspection_c.so
[382.535s] -- Set runtime path of "/workspaces/lab1/slamtoolbox/install/slam_toolbox/lib/libslam_toolbox__rosidl_typesupport_introspection_c.so" to ""
[382.535s] -- Installing: /workspaces/lab1/slamtoolbox/install/slam_toolbox/lib/libslam_toolbox__rosidl_typesupport_c.so
[382.535s] -- Set runtime path of "/workspaces/lab1/slamtoolbox/install/slam_toolbox/lib/libslam_toolbox__rosidl_typesupport_c.so" to ""
[382.535s] -- Up-to-date: /workspaces/lab1/slamtoolbox/install/slam_toolbox/include/slam_toolbox/slam_toolbox
[382.535s] -- Up-to-date: /workspaces/lab1/slamtoolbox/install/slam_toolbox/include/slam_toolbox/slam_toolbox/srv
[382.536s] -- Up-to-date: /workspaces/lab1/slamtoolbox/install/slam_toolbox/include/slam_toolbox/slam_toolbox/srv/detail
[382.536s] -- Installing: /workspaces/lab1/slamtoolbox/install/slam_toolbox/include/slam_toolbox/slam_toolbox/srv/detail/add_submap__type_support.cpp
[382.536s] -- Installing: /workspaces/lab1/slamtoolbox/install/slam_toolbox/include/slam_toolbox/slam_toolbox/srv/detail/loop_closure__type_support.cpp
[382.536s] -- Installing: /workspaces/lab1/slamtoolbox/install/slam_toolbox/include/slam_toolbox/slam_toolbox/srv/detail/toggle_interactive__type_support.cpp
[382.536s] -- Installing: /workspaces/lab1/slamtoolbox/install/slam_toolbox/include/slam_toolbox/slam_toolbox/srv/detail/save_map__type_support.cpp
[382.536s] -- Installing: /workspaces/lab1/slamtoolbox/install/slam_toolbox/include/slam_toolbox/slam_toolbox/srv/detail/deserialize_pose_graph__type_support.cpp
[382.537s] -- Installing: /workspaces/lab1/slamtoolbox/install/slam_toolbox/include/slam_toolbox/slam_toolbox/srv/detail/save_map__rosidl_typesupport_introspection_cpp.hpp
[382.537s] -- Installing: /workspaces/lab1/slamtoolbox/install/slam_toolbox/include/slam_toolbox/slam_toolbox/srv/detail/pause__type_support.cpp
[382.537s] -- Installing: /workspaces/lab1/slamtoolbox/install/slam_toolbox/include/slam_toolbox/slam_toolbox/srv/detail/serialize_pose_graph__rosidl_typesupport_introspection_cpp.hpp
[382.537s] -- Installing: /workspaces/lab1/slamtoolbox/install/slam_toolbox/include/slam_toolbox/slam_toolbox/srv/detail/clear__type_support.cpp
[382.537s] -- Installing: /workspaces/lab1/slamtoolbox/install/slam_toolbox/include/slam_toolbox/slam_toolbox/srv/detail/loop_closure__rosidl_typesupport_introspection_cpp.hpp
[382.537s] -- Installing: /workspaces/lab1/slamtoolbox/install/slam_toolbox/include/slam_toolbox/slam_toolbox/srv/detail/deserialize_pose_graph__rosidl_typesupport_introspection_cpp.hpp
[382.537s] -- Installing: /workspaces/lab1/slamtoolbox/install/slam_toolbox/include/slam_toolbox/slam_toolbox/srv/detail/merge_maps__type_support.cpp
[382.538s] -- Installing: /workspaces/lab1/slamtoolbox/install/slam_toolbox/include/slam_toolbox/slam_toolbox/srv/detail/clear_queue__type_support.cpp
[382.538s] -- Installing: /workspaces/lab1/slamtoolbox/install/slam_toolbox/include/slam_toolbox/slam_toolbox/srv/detail/merge_maps__rosidl_typesupport_introspection_cpp.hpp
[382.538s] -- Installing: /workspaces/lab1/slamtoolbox/install/slam_toolbox/include/slam_toolbox/slam_toolbox/srv/detail/add_submap__rosidl_typesupport_introspection_cpp.hpp
[382.538s] -- Installing: /workspaces/lab1/slamtoolbox/install/slam_toolbox/include/slam_toolbox/slam_toolbox/srv/detail/clear__rosidl_typesupport_introspection_cpp.hpp
[382.538s] -- Installing: /workspaces/lab1/slamtoolbox/install/slam_toolbox/include/slam_toolbox/slam_toolbox/srv/detail/serialize_pose_graph__type_support.cpp
[382.538s] -- Installing: /workspaces/lab1/slamtoolbox/install/slam_toolbox/include/slam_toolbox/slam_toolbox/srv/detail/toggle_interactive__rosidl_typesupport_introspection_cpp.hpp
[382.538s] -- Installing: /workspaces/lab1/slamtoolbox/install/slam_toolbox/include/slam_toolbox/slam_toolbox/srv/detail/clear_queue__rosidl_typesupport_introspection_cpp.hpp
[382.539s] -- Installing: /workspaces/lab1/slamtoolbox/install/slam_toolbox/include/slam_toolbox/slam_toolbox/srv/detail/pause__rosidl_typesupport_introspection_cpp.hpp
[382.539s] -- Installing: /workspaces/lab1/slamtoolbox/install/slam_toolbox/lib/libslam_toolbox__rosidl_typesupport_introspection_cpp.so
[382.539s] -- Set runtime path of "/workspaces/lab1/slamtoolbox/install/slam_toolbox/lib/libslam_toolbox__rosidl_typesupport_introspection_cpp.so" to ""
[382.539s] -- Installing: /workspaces/lab1/slamtoolbox/install/slam_toolbox/lib/libslam_toolbox__rosidl_typesupport_cpp.so
[382.539s] -- Set runtime path of "/workspaces/lab1/slamtoolbox/install/slam_toolbox/lib/libslam_toolbox__rosidl_typesupport_cpp.so" to ""
[382.539s] -- Installing: /workspaces/lab1/slamtoolbox/install/slam_toolbox/share/slam_toolbox/environment/pythonpath.sh
[382.539s] -- Installing: /workspaces/lab1/slamtoolbox/install/slam_toolbox/share/slam_toolbox/environment/pythonpath.dsv
[382.540s] -- Installing: /workspaces/lab1/slamtoolbox/install/slam_toolbox/local/lib/python3.10/dist-packages/slam_toolbox-2.6.6-py3.10.egg-info
[382.540s] -- Installing: /workspaces/lab1/slamtoolbox/install/slam_toolbox/local/lib/python3.10/dist-packages/slam_toolbox-2.6.6-py3.10.egg-info/dependency_links.txt
[382.540s] -- Installing: /workspaces/lab1/slamtoolbox/install/slam_toolbox/local/lib/python3.10/dist-packages/slam_toolbox-2.6.6-py3.10.egg-info/PKG-INFO
[382.540s] -- Installing: /workspaces/lab1/slamtoolbox/install/slam_toolbox/local/lib/python3.10/dist-packages/slam_toolbox-2.6.6-py3.10.egg-info/top_level.txt
[382.540s] -- Installing: /workspaces/lab1/slamtoolbox/install/slam_toolbox/local/lib/python3.10/dist-packages/slam_toolbox-2.6.6-py3.10.egg-info/SOURCES.txt
[382.540s] -- Installing: /workspaces/lab1/slamtoolbox/install/slam_toolbox/local/lib/python3.10/dist-packages/slam_toolbox
[382.541s] -- Installing: /workspaces/lab1/slamtoolbox/install/slam_toolbox/local/lib/python3.10/dist-packages/slam_toolbox/__init__.py
[382.541s] -- Installing: /workspaces/lab1/slamtoolbox/install/slam_toolbox/local/lib/python3.10/dist-packages/slam_toolbox/_slam_toolbox_s.ep.rosidl_typesupport_introspection_c.c
[382.541s] -- Installing: /workspaces/lab1/slamtoolbox/install/slam_toolbox/local/lib/python3.10/dist-packages/slam_toolbox/slam_toolbox_s__rosidl_typesupport_c.cpython-310-x86_64-linux-gnu.so
[382.541s] -- Installing: /workspaces/lab1/slamtoolbox/install/slam_toolbox/local/lib/python3.10/dist-packages/slam_toolbox/slam_toolbox_s__rosidl_typesupport_introspection_c.cpython-310-x86_64-linux-gnu.so
[382.541s] -- Installing: /workspaces/lab1/slamtoolbox/install/slam_toolbox/local/lib/python3.10/dist-packages/slam_toolbox/slam_toolbox_s__rosidl_typesupport_fastrtps_c.cpython-310-x86_64-linux-gnu.so
[382.541s] -- Installing: /workspaces/lab1/slamtoolbox/install/slam_toolbox/local/lib/python3.10/dist-packages/slam_toolbox/libslam_toolbox__rosidl_generator_py.so
[382.541s] -- Installing: /workspaces/lab1/slamtoolbox/install/slam_toolbox/local/lib/python3.10/dist-packages/slam_toolbox/_slam_toolbox_s.ep.rosidl_typesupport_c.c
[382.542s] -- Installing: /workspaces/lab1/slamtoolbox/install/slam_toolbox/local/lib/python3.10/dist-packages/slam_toolbox/srv
[382.542s] -- Installing: /workspaces/lab1/slamtoolbox/install/slam_toolbox/local/lib/python3.10/dist-packages/slam_toolbox/srv/__init__.py
[382.542s] -- Installing: /workspaces/lab1/slamtoolbox/install/slam_toolbox/local/lib/python3.10/dist-packages/slam_toolbox/srv/_clear_s.c
[382.542s] -- Installing: /workspaces/lab1/slamtoolbox/install/slam_toolbox/local/lib/python3.10/dist-packages/slam_toolbox/srv/_serialize_pose_graph.py
[382.542s] -- Installing: /workspaces/lab1/slamtoolbox/install/slam_toolbox/local/lib/python3.10/dist-packages/slam_toolbox/srv/_deserialize_pose_graph_s.c
[382.542s] -- Installing: /workspaces/lab1/slamtoolbox/install/slam_toolbox/local/lib/python3.10/dist-packages/slam_toolbox/srv/_add_submap.py
[382.542s] -- Installing: /workspaces/lab1/slamtoolbox/install/slam_toolbox/local/lib/python3.10/dist-packages/slam_toolbox/srv/_serialize_pose_graph_s.c
[382.543s] -- Installing: /workspaces/lab1/slamtoolbox/install/slam_toolbox/local/lib/python3.10/dist-packages/slam_toolbox/srv/_toggle_interactive.py
[382.543s] -- Installing: /workspaces/lab1/slamtoolbox/install/slam_toolbox/local/lib/python3.10/dist-packages/slam_toolbox/srv/_save_map_s.c
[382.543s] -- Installing: /workspaces/lab1/slamtoolbox/install/slam_toolbox/local/lib/python3.10/dist-packages/slam_toolbox/srv/_add_submap_s.c
[382.543s] -- Installing: /workspaces/lab1/slamtoolbox/install/slam_toolbox/local/lib/python3.10/dist-packages/slam_toolbox/srv/_clear.py
[382.543s] -- Installing: /workspaces/lab1/slamtoolbox/install/slam_toolbox/local/lib/python3.10/dist-packages/slam_toolbox/srv/_clear_queue.py
[382.543s] -- Installing: /workspaces/lab1/slamtoolbox/install/slam_toolbox/local/lib/python3.10/dist-packages/slam_toolbox/srv/_save_map.py
[382.543s] -- Installing: /workspaces/lab1/slamtoolbox/install/slam_toolbox/local/lib/python3.10/dist-packages/slam_toolbox/srv/_pause.py
[382.543s] -- Installing: /workspaces/lab1/slamtoolbox/install/slam_toolbox/local/lib/python3.10/dist-packages/slam_toolbox/srv/_pause_s.c
[382.544s] -- Installing: /workspaces/lab1/slamtoolbox/install/slam_toolbox/local/lib/python3.10/dist-packages/slam_toolbox/srv/_merge_maps_s.c
[382.544s] -- Installing: /workspaces/lab1/slamtoolbox/install/slam_toolbox/local/lib/python3.10/dist-packages/slam_toolbox/srv/_clear_queue_s.c
[382.544s] -- Installing: /workspaces/lab1/slamtoolbox/install/slam_toolbox/local/lib/python3.10/dist-packages/slam_toolbox/srv/_loop_closure.py
[382.544s] -- Installing: /workspaces/lab1/slamtoolbox/install/slam_toolbox/local/lib/python3.10/dist-packages/slam_toolbox/srv/_loop_closure_s.c
[382.544s] -- Installing: /workspaces/lab1/slamtoolbox/install/slam_toolbox/local/lib/python3.10/dist-packages/slam_toolbox/srv/_merge_maps.py
[382.544s] -- Installing: /workspaces/lab1/slamtoolbox/install/slam_toolbox/local/lib/python3.10/dist-packages/slam_toolbox/srv/_deserialize_pose_graph.py
[382.544s] -- Installing: /workspaces/lab1/slamtoolbox/install/slam_toolbox/local/lib/python3.10/dist-packages/slam_toolbox/srv/_toggle_interactive_s.c
[382.545s] -- Installing: /workspaces/lab1/slamtoolbox/install/slam_toolbox/local/lib/python3.10/dist-packages/slam_toolbox/_slam_toolbox_s.ep.rosidl_typesupport_fastrtps_c.c
[382.615s] Listing '/workspaces/lab1/slamtoolbox/install/slam_toolbox/local/lib/python3.10/dist-packages/slam_toolbox'...
[382.615s] Compiling '/workspaces/lab1/slamtoolbox/install/slam_toolbox/local/lib/python3.10/dist-packages/slam_toolbox/__init__.py'...
[382.615s] Listing '/workspaces/lab1/slamtoolbox/install/slam_toolbox/local/lib/python3.10/dist-packages/slam_toolbox/srv'...
[382.615s] Compiling '/workspaces/lab1/slamtoolbox/install/slam_toolbox/local/lib/python3.10/dist-packages/slam_toolbox/srv/__init__.py'...
[382.615s] Compiling '/workspaces/lab1/slamtoolbox/install/slam_toolbox/local/lib/python3.10/dist-packages/slam_toolbox/srv/_add_submap.py'...
[382.616s] Compiling '/workspaces/lab1/slamtoolbox/install/slam_toolbox/local/lib/python3.10/dist-packages/slam_toolbox/srv/_clear.py'...
[382.616s] Compiling '/workspaces/lab1/slamtoolbox/install/slam_toolbox/local/lib/python3.10/dist-packages/slam_toolbox/srv/_clear_queue.py'...
[382.616s] Compiling '/workspaces/lab1/slamtoolbox/install/slam_toolbox/local/lib/python3.10/dist-packages/slam_toolbox/srv/_deserialize_pose_graph.py'...
[382.616s] Compiling '/workspaces/lab1/slamtoolbox/install/slam_toolbox/local/lib/python3.10/dist-packages/slam_toolbox/srv/_loop_closure.py'...
[382.616s] Compiling '/workspaces/lab1/slamtoolbox/install/slam_toolbox/local/lib/python3.10/dist-packages/slam_toolbox/srv/_merge_maps.py'...
[382.617s] Compiling '/workspaces/lab1/slamtoolbox/install/slam_toolbox/local/lib/python3.10/dist-packages/slam_toolbox/srv/_pause.py'...
[382.617s] Compiling '/workspaces/lab1/slamtoolbox/install/slam_toolbox/local/lib/python3.10/dist-packages/slam_toolbox/srv/_save_map.py'...
[382.617s] Compiling '/workspaces/lab1/slamtoolbox/install/slam_toolbox/local/lib/python3.10/dist-packages/slam_toolbox/srv/_serialize_pose_graph.py'...
[382.617s] Compiling '/workspaces/lab1/slamtoolbox/install/slam_toolbox/local/lib/python3.10/dist-packages/slam_toolbox/srv/_toggle_interactive.py'...
[382.624s] -- Installing: /workspaces/lab1/slamtoolbox/install/slam_toolbox/local/lib/python3.10/dist-packages/slam_toolbox/slam_toolbox_s__rosidl_typesupport_fastrtps_c.cpython-310-x86_64-linux-gnu.so
[382.624s] -- Set runtime path of "/workspaces/lab1/slamtoolbox/install/slam_toolbox/local/lib/python3.10/dist-packages/slam_toolbox/slam_toolbox_s__rosidl_typesupport_fastrtps_c.cpython-310-x86_64-linux-gnu.so" to ""
[382.625s] -- Installing: /workspaces/lab1/slamtoolbox/install/slam_toolbox/local/lib/python3.10/dist-packages/slam_toolbox/slam_toolbox_s__rosidl_typesupport_introspection_c.cpython-310-x86_64-linux-gnu.so
[382.626s] -- Set runtime path of "/workspaces/lab1/slamtoolbox/install/slam_toolbox/local/lib/python3.10/dist-packages/slam_toolbox/slam_toolbox_s__rosidl_typesupport_introspection_c.cpython-310-x86_64-linux-gnu.so" to ""
[382.626s] -- Installing: /workspaces/lab1/slamtoolbox/install/slam_toolbox/local/lib/python3.10/dist-packages/slam_toolbox/slam_toolbox_s__rosidl_typesupport_c.cpython-310-x86_64-linux-gnu.so
[382.628s] -- Set runtime path of "/workspaces/lab1/slamtoolbox/install/slam_toolbox/local/lib/python3.10/dist-packages/slam_toolbox/slam_toolbox_s__rosidl_typesupport_c.cpython-310-x86_64-linux-gnu.so" to ""
[382.628s] -- Installing: /workspaces/lab1/slamtoolbox/install/slam_toolbox/lib/libslam_toolbox__rosidl_generator_py.so
[382.629s] -- Set runtime path of "/workspaces/lab1/slamtoolbox/install/slam_toolbox/lib/libslam_toolbox__rosidl_generator_py.so" to ""
[382.629s] -- Installing: /workspaces/lab1/slamtoolbox/install/slam_toolbox/share/slam_toolbox/srv/Pause.idl
[382.630s] -- Installing: /workspaces/lab1/slamtoolbox/install/slam_toolbox/share/slam_toolbox/srv/ClearQueue.idl
[382.631s] -- Installing: /workspaces/lab1/slamtoolbox/install/slam_toolbox/share/slam_toolbox/srv/ToggleInteractive.idl
[382.631s] -- Installing: /workspaces/lab1/slamtoolbox/install/slam_toolbox/share/slam_toolbox/srv/Clear.idl
[382.632s] -- Installing: /workspaces/lab1/slamtoolbox/install/slam_toolbox/share/slam_toolbox/srv/SaveMap.idl
[382.632s] -- Installing: /workspaces/lab1/slamtoolbox/install/slam_toolbox/share/slam_toolbox/srv/LoopClosure.idl
[382.633s] -- Installing: /workspaces/lab1/slamtoolbox/install/slam_toolbox/share/slam_toolbox/srv/MergeMaps.idl
[382.634s] -- Installing: /workspaces/lab1/slamtoolbox/install/slam_toolbox/share/slam_toolbox/srv/AddSubmap.idl
[382.634s] -- Installing: /workspaces/lab1/slamtoolbox/install/slam_toolbox/share/slam_toolbox/srv/DeserializePoseGraph.idl
[382.635s] -- Installing: /workspaces/lab1/slamtoolbox/install/slam_toolbox/share/slam_toolbox/srv/SerializePoseGraph.idl
[382.636s] -- Installing: /workspaces/lab1/slamtoolbox/install/slam_toolbox/share/slam_toolbox/srvs/Pause.srv
[382.636s] -- Installing: /workspaces/lab1/slamtoolbox/install/slam_toolbox/share/slam_toolbox/srvs/Pause_Request.msg
[382.637s] -- Installing: /workspaces/lab1/slamtoolbox/install/slam_toolbox/share/slam_toolbox/srvs/Pause_Response.msg
[382.638s] -- Installing: /workspaces/lab1/slamtoolbox/install/slam_toolbox/share/slam_toolbox/srvs/ClearQueue.srv
[382.638s] -- Installing: /workspaces/lab1/slamtoolbox/install/slam_toolbox/share/slam_toolbox/srvs/ClearQueue_Request.msg
[382.639s] -- Installing: /workspaces/lab1/slamtoolbox/install/slam_toolbox/share/slam_toolbox/srvs/ClearQueue_Response.msg
[382.640s] -- Installing: /workspaces/lab1/slamtoolbox/install/slam_toolbox/share/slam_toolbox/srvs/ToggleInteractive.srv
[382.640s] -- Installing: /workspaces/lab1/slamtoolbox/install/slam_toolbox/share/slam_toolbox/srvs/ToggleInteractive_Request.msg
[382.641s] -- Installing: /workspaces/lab1/slamtoolbox/install/slam_toolbox/share/slam_toolbox/srvs/ToggleInteractive_Response.msg
[382.642s] -- Installing: /workspaces/lab1/slamtoolbox/install/slam_toolbox/share/slam_toolbox/srvs/Clear.srv
[382.642s] -- Installing: /workspaces/lab1/slamtoolbox/install/slam_toolbox/share/slam_toolbox/srvs/Clear_Request.msg
[382.643s] -- Installing: /workspaces/lab1/slamtoolbox/install/slam_toolbox/share/slam_toolbox/srvs/Clear_Response.msg
[382.643s] -- Installing: /workspaces/lab1/slamtoolbox/install/slam_toolbox/share/slam_toolbox/srvs/SaveMap.srv
[382.644s] -- Installing: /workspaces/lab1/slamtoolbox/install/slam_toolbox/share/slam_toolbox/srvs/SaveMap_Request.msg
[382.645s] -- Installing: /workspaces/lab1/slamtoolbox/install/slam_toolbox/share/slam_toolbox/srvs/SaveMap_Response.msg
[382.645s] -- Installing: /workspaces/lab1/slamtoolbox/install/slam_toolbox/share/slam_toolbox/srvs/LoopClosure.srv
[382.646s] -- Installing: /workspaces/lab1/slamtoolbox/install/slam_toolbox/share/slam_toolbox/srvs/LoopClosure_Request.msg
[382.646s] -- Installing: /workspaces/lab1/slamtoolbox/install/slam_toolbox/share/slam_toolbox/srvs/LoopClosure_Response.msg
[382.647s] -- Installing: /workspaces/lab1/slamtoolbox/install/slam_toolbox/share/slam_toolbox/srvs/MergeMaps.srv
[382.648s] -- Installing: /workspaces/lab1/slamtoolbox/install/slam_toolbox/share/slam_toolbox/srvs/MergeMaps_Request.msg
[382.648s] -- Installing: /workspaces/lab1/slamtoolbox/install/slam_toolbox/share/slam_toolbox/srvs/MergeMaps_Response.msg
[382.649s] -- Installing: /workspaces/lab1/slamtoolbox/install/slam_toolbox/share/slam_toolbox/srvs/AddSubmap.srv
[382.650s] -- Installing: /workspaces/lab1/slamtoolbox/install/slam_toolbox/share/slam_toolbox/srvs/AddSubmap_Request.msg
[382.650s] -- Installing: /workspaces/lab1/slamtoolbox/install/slam_toolbox/share/slam_toolbox/srvs/AddSubmap_Response.msg
[382.651s] -- Installing: /workspaces/lab1/slamtoolbox/install/slam_toolbox/share/slam_toolbox/srvs/DeserializePoseGraph.srv
[382.651s] -- Installing: /workspaces/lab1/slamtoolbox/install/slam_toolbox/share/slam_toolbox/srvs/DeserializePoseGraph_Request.msg
[382.652s] -- Installing: /workspaces/lab1/slamtoolbox/install/slam_toolbox/share/slam_toolbox/srvs/DeserializePoseGraph_Response.msg
[382.653s] -- Installing: /workspaces/lab1/slamtoolbox/install/slam_toolbox/share/slam_toolbox/srvs/SerializePoseGraph.srv
[382.653s] -- Installing: /workspaces/lab1/slamtoolbox/install/slam_toolbox/share/slam_toolbox/srvs/SerializePoseGraph_Request.msg
[382.654s] -- Installing: /workspaces/lab1/slamtoolbox/install/slam_toolbox/share/slam_toolbox/srvs/SerializePoseGraph_Response.msg
[382.654s] -- Installing: /workspaces/lab1/slamtoolbox/install/slam_toolbox/share/slam_toolbox/rviz_plugins.xml
[382.655s] -- Installing: /workspaces/lab1/slamtoolbox/install/slam_toolbox/share/slam_toolbox/solver_plugins.xml
[382.656s] -- Installing: /workspaces/lab1/slamtoolbox/install/slam_toolbox/lib/slam_toolbox/async_slam_toolbox_node
[382.660s] -- Set runtime path of "/workspaces/lab1/slamtoolbox/install/slam_toolbox/lib/slam_toolbox/async_slam_toolbox_node" to ""
[382.661s] -- Installing: /workspaces/lab1/slamtoolbox/install/slam_toolbox/lib/slam_toolbox/sync_slam_toolbox_node
[382.664s] -- Set runtime path of "/workspaces/lab1/slamtoolbox/install/slam_toolbox/lib/slam_toolbox/sync_slam_toolbox_node" to ""
[382.665s] -- Installing: /workspaces/lab1/slamtoolbox/install/slam_toolbox/lib/slam_toolbox/localization_slam_toolbox_node
[382.669s] -- Set runtime path of "/workspaces/lab1/slamtoolbox/install/slam_toolbox/lib/slam_toolbox/localization_slam_toolbox_node" to ""
[382.669s] -- Installing: /workspaces/lab1/slamtoolbox/install/slam_toolbox/lib/slam_toolbox/map_and_localization_slam_toolbox_node
[382.673s] -- Set runtime path of "/workspaces/lab1/slamtoolbox/install/slam_toolbox/lib/slam_toolbox/map_and_localization_slam_toolbox_node" to ""
[382.674s] -- Installing: /workspaces/lab1/slamtoolbox/install/slam_toolbox/lib/slam_toolbox/merge_maps_kinematic
[382.680s] -- Set runtime path of "/workspaces/lab1/slamtoolbox/install/slam_toolbox/lib/slam_toolbox/merge_maps_kinematic" to ""
[382.680s] -- Installing: /workspaces/lab1/slamtoolbox/install/slam_toolbox/lib/libtoolbox_common.so
[382.698s] -- Set runtime path of "/workspaces/lab1/slamtoolbox/install/slam_toolbox/lib/libtoolbox_common.so" to ""
[382.699s] -- Installing: /workspaces/lab1/slamtoolbox/install/slam_toolbox/lib/libSlamToolboxPlugin.so
[382.706s] -- Set runtime path of "/workspaces/lab1/slamtoolbox/install/slam_toolbox/lib/libSlamToolboxPlugin.so" to ""
[382.707s] -- Installing: /workspaces/lab1/slamtoolbox/install/slam_toolbox/lib/libceres_solver_plugin.so
[382.712s] -- Set runtime path of "/workspaces/lab1/slamtoolbox/install/slam_toolbox/lib/libceres_solver_plugin.so" to ""
[382.712s] -- Installing: /workspaces/lab1/slamtoolbox/install/slam_toolbox/lib/libasync_slam_toolbox.so
[382.716s] -- Set runtime path of "/workspaces/lab1/slamtoolbox/install/slam_toolbox/lib/libasync_slam_toolbox.so" to ""
[382.717s] -- Installing: /workspaces/lab1/slamtoolbox/install/slam_toolbox/lib/libsync_slam_toolbox.so
[382.722s] -- Set runtime path of "/workspaces/lab1/slamtoolbox/install/slam_toolbox/lib/libsync_slam_toolbox.so" to ""
[382.722s] -- Installing: /workspaces/lab1/slamtoolbox/install/slam_toolbox/lib/liblocalization_slam_toolbox.so
[382.730s] -- Set runtime path of "/workspaces/lab1/slamtoolbox/install/slam_toolbox/lib/liblocalization_slam_toolbox.so" to ""
[382.731s] -- Installing: /workspaces/lab1/slamtoolbox/install/slam_toolbox/lib/liblifelong_slam_toolbox.so
[382.735s] -- Set runtime path of "/workspaces/lab1/slamtoolbox/install/slam_toolbox/lib/liblifelong_slam_toolbox.so" to ""
[382.736s] -- Installing: /workspaces/lab1/slamtoolbox/install/slam_toolbox/lib/libmap_and_localization_slam_toolbox.so
[382.745s] -- Set runtime path of "/workspaces/lab1/slamtoolbox/install/slam_toolbox/lib/libmap_and_localization_slam_toolbox.so" to ""
[382.745s] -- Installing: /workspaces/lab1/slamtoolbox/install/slam_toolbox/lib/libkartoSlamToolbox.so
[382.762s] -- Set runtime path of "/workspaces/lab1/slamtoolbox/install/slam_toolbox/lib/libkartoSlamToolbox.so" to ""
[382.763s] -- Up-to-date: /workspaces/lab1/slamtoolbox/install/slam_toolbox/lib/libSlamToolboxPlugin.so
[382.763s] -- Up-to-date: /workspaces/lab1/slamtoolbox/install/slam_toolbox/include
[382.764s] -- Up-to-date: /workspaces/lab1/slamtoolbox/install/slam_toolbox/include/slam_toolbox
[382.764s] -- Installing: /workspaces/lab1/slamtoolbox/install/slam_toolbox/include/slam_toolbox/toolbox_types.hpp
[382.764s] -- Installing: /workspaces/lab1/slamtoolbox/install/slam_toolbox/include/slam_toolbox/laser_utils.hpp
[382.765s] -- Installing: /workspaces/lab1/slamtoolbox/install/slam_toolbox/include/slam_toolbox/get_pose_helper.hpp
[382.766s] -- Installing: /workspaces/lab1/slamtoolbox/install/slam_toolbox/include/slam_toolbox/slam_toolbox_async.hpp
[382.766s] -- Installing: /workspaces/lab1/slamtoolbox/install/slam_toolbox/include/slam_toolbox/merge_maps_kinematic.hpp
[382.767s] -- Installing: /workspaces/lab1/slamtoolbox/install/slam_toolbox/include/slam_toolbox/toolbox_msgs.hpp
[382.767s] -- Installing: /workspaces/lab1/slamtoolbox/install/slam_toolbox/include/slam_toolbox/slam_toolbox_sync.hpp
[382.768s] -- Installing: /workspaces/lab1/slamtoolbox/install/slam_toolbox/include/slam_toolbox/map_saver.hpp
[382.768s] -- Installing: /workspaces/lab1/slamtoolbox/install/slam_toolbox/include/slam_toolbox/slam_mapper.hpp
[382.769s] -- Installing: /workspaces/lab1/slamtoolbox/install/slam_toolbox/include/slam_toolbox/snap_utils.hpp
[382.769s] -- Installing: /workspaces/lab1/slamtoolbox/install/slam_toolbox/include/slam_toolbox/visualization_utils.hpp
[382.770s] -- Installing: /workspaces/lab1/slamtoolbox/install/slam_toolbox/include/slam_toolbox/experimental
[382.770s] -- Installing: /workspaces/lab1/slamtoolbox/install/slam_toolbox/include/slam_toolbox/experimental/slam_toolbox_lifelong.hpp
[382.771s] -- Installing: /workspaces/lab1/slamtoolbox/install/slam_toolbox/include/slam_toolbox/experimental/slam_toolbox_map_and_localization.hpp
[382.772s] -- Installing: /workspaces/lab1/slamtoolbox/install/slam_toolbox/include/slam_toolbox/serialization.hpp
[382.772s] -- Installing: /workspaces/lab1/slamtoolbox/install/slam_toolbox/include/slam_toolbox/slam_toolbox_common.hpp
[382.773s] -- Installing: /workspaces/lab1/slamtoolbox/install/slam_toolbox/include/slam_toolbox/slam_toolbox_localization.hpp
[382.773s] -- Installing: /workspaces/lab1/slamtoolbox/install/slam_toolbox/include/slam_toolbox/loop_closure_assistant.hpp
[382.774s] -- Installing: /workspaces/lab1/slamtoolbox/install/slam_toolbox/share/slam_toolbox/launch
[382.774s] -- Installing: /workspaces/lab1/slamtoolbox/install/slam_toolbox/share/slam_toolbox/launch/online_sync_launch.py
[382.775s] -- Installing: /workspaces/lab1/slamtoolbox/install/slam_toolbox/share/slam_toolbox/launch/localization_launch.py
[382.776s] -- Installing: /workspaces/lab1/slamtoolbox/install/slam_toolbox/share/slam_toolbox/launch/online_async_launch.py
[382.776s] -- Installing: /workspaces/lab1/slamtoolbox/install/slam_toolbox/share/slam_toolbox/launch/offline_launch.py
[382.777s] -- Installing: /workspaces/lab1/slamtoolbox/install/slam_toolbox/share/slam_toolbox/launch/merge_maps_kinematic_launch.py
[382.778s] -- Installing: /workspaces/lab1/slamtoolbox/install/slam_toolbox/share/slam_toolbox/config
[382.778s] -- Installing: /workspaces/lab1/slamtoolbox/install/slam_toolbox/share/slam_toolbox/config/mapper_params_localization.yaml
[382.779s] -- Installing: /workspaces/lab1/slamtoolbox/install/slam_toolbox/share/slam_toolbox/config/slam_toolbox_default.rviz
[382.779s] -- Installing: /workspaces/lab1/slamtoolbox/install/slam_toolbox/share/slam_toolbox/config/mapper_params_offline.yaml
[382.780s] -- Installing: /workspaces/lab1/slamtoolbox/install/slam_toolbox/share/slam_toolbox/config/mapper_params_online_sync.yaml
[382.781s] -- Installing: /workspaces/lab1/slamtoolbox/install/slam_toolbox/share/slam_toolbox/config/mapper_params_lifelong.yaml
[382.781s] -- Installing: /workspaces/lab1/slamtoolbox/install/slam_toolbox/share/slam_toolbox/config/mapper_params_online_async.yaml
[382.782s] -- Installing: /workspaces/lab1/slamtoolbox/install/slam_toolbox/share/solver_plugins.xml
[382.783s] -- Installing: /workspaces/lab1/slamtoolbox/install/slam_toolbox/share/rviz_plugins.xml
[382.783s] -- Installing: /workspaces/lab1/slamtoolbox/install/slam_toolbox/share/ament_index/resource_index/package_run_dependencies/slam_toolbox
[382.784s] -- Installing: /workspaces/lab1/slamtoolbox/install/slam_toolbox/share/ament_index/resource_index/parent_prefix_path/slam_toolbox
[382.785s] -- Installing: /workspaces/lab1/slamtoolbox/install/slam_toolbox/share/slam_toolbox/environment/ament_prefix_path.sh
[382.786s] -- Installing: /workspaces/lab1/slamtoolbox/install/slam_toolbox/share/slam_toolbox/environment/ament_prefix_path.dsv
[382.786s] -- Installing: /workspaces/lab1/slamtoolbox/install/slam_toolbox/share/slam_toolbox/environment/path.sh
[382.787s] -- Installing: /workspaces/lab1/slamtoolbox/install/slam_toolbox/share/slam_toolbox/environment/path.dsv
[382.787s] -- Installing: /workspaces/lab1/slamtoolbox/install/slam_toolbox/share/slam_toolbox/local_setup.bash
[382.788s] -- Installing: /workspaces/lab1/slamtoolbox/install/slam_toolbox/share/slam_toolbox/local_setup.sh
[382.789s] -- Installing: /workspaces/lab1/slamtoolbox/install/slam_toolbox/share/slam_toolbox/local_setup.zsh
[382.789s] -- Installing: /workspaces/lab1/slamtoolbox/install/slam_toolbox/share/slam_toolbox/local_setup.dsv
[382.790s] -- Installing: /workspaces/lab1/slamtoolbox/install/slam_toolbox/share/slam_toolbox/package.dsv
[382.791s] -- Installing: /workspaces/lab1/slamtoolbox/install/slam_toolbox/share/ament_index/resource_index/packages/slam_toolbox
[382.791s] -- Installing: /workspaces/lab1/slamtoolbox/install/slam_toolbox/share/ament_index/resource_index/rviz_common__pluginlib__plugin/slam_toolbox
[382.792s] -- Installing: /workspaces/lab1/slamtoolbox/install/slam_toolbox/share/ament_index/resource_index/slam_toolbox__pluginlib__plugin/slam_toolbox
[382.793s] -- Installing: /workspaces/lab1/slamtoolbox/install/slam_toolbox/share/slam_toolbox/cmake/export_slam_toolbox__rosidl_generator_cExport.cmake
[382.794s] -- Installing: /workspaces/lab1/slamtoolbox/install/slam_toolbox/share/slam_toolbox/cmake/export_slam_toolbox__rosidl_generator_cExport-release.cmake
[382.794s] -- Installing: /workspaces/lab1/slamtoolbox/install/slam_toolbox/share/slam_toolbox/cmake/export_slam_toolbox__rosidl_typesupport_fastrtps_cExport.cmake
[382.795s] -- Installing: /workspaces/lab1/slamtoolbox/install/slam_toolbox/share/slam_toolbox/cmake/export_slam_toolbox__rosidl_typesupport_fastrtps_cExport-release.cmake
[382.796s] -- Installing: /workspaces/lab1/slamtoolbox/install/slam_toolbox/share/slam_toolbox/cmake/export_slam_toolbox__rosidl_generator_cppExport.cmake
[382.796s] -- Installing: /workspaces/lab1/slamtoolbox/install/slam_toolbox/share/slam_toolbox/cmake/export_slam_toolbox__rosidl_typesupport_fastrtps_cppExport.cmake
[382.797s] -- Installing: /workspaces/lab1/slamtoolbox/install/slam_toolbox/share/slam_toolbox/cmake/export_slam_toolbox__rosidl_typesupport_fastrtps_cppExport-release.cmake
[382.798s] -- Installing: /workspaces/lab1/slamtoolbox/install/slam_toolbox/share/slam_toolbox/cmake/slam_toolbox__rosidl_typesupport_introspection_cExport.cmake
[382.798s] -- Installing: /workspaces/lab1/slamtoolbox/install/slam_toolbox/share/slam_toolbox/cmake/slam_toolbox__rosidl_typesupport_introspection_cExport-release.cmake
[382.799s] -- Installing: /workspaces/lab1/slamtoolbox/install/slam_toolbox/share/slam_toolbox/cmake/slam_toolbox__rosidl_typesupport_cExport.cmake
[382.800s] -- Installing: /workspaces/lab1/slamtoolbox/install/slam_toolbox/share/slam_toolbox/cmake/slam_toolbox__rosidl_typesupport_cExport-release.cmake
[382.801s] -- Installing: /workspaces/lab1/slamtoolbox/install/slam_toolbox/share/slam_toolbox/cmake/slam_toolbox__rosidl_typesupport_introspection_cppExport.cmake
[382.801s] -- Installing: /workspaces/lab1/slamtoolbox/install/slam_toolbox/share/slam_toolbox/cmake/slam_toolbox__rosidl_typesupport_introspection_cppExport-release.cmake
[382.802s] -- Installing: /workspaces/lab1/slamtoolbox/install/slam_toolbox/share/slam_toolbox/cmake/slam_toolbox__rosidl_typesupport_cppExport.cmake
[382.803s] -- Installing: /workspaces/lab1/slamtoolbox/install/slam_toolbox/share/slam_toolbox/cmake/slam_toolbox__rosidl_typesupport_cppExport-release.cmake
[382.803s] -- Installing: /workspaces/lab1/slamtoolbox/install/slam_toolbox/share/slam_toolbox/cmake/export_slam_toolbox__rosidl_generator_pyExport.cmake
[382.804s] -- Installing: /workspaces/lab1/slamtoolbox/install/slam_toolbox/share/slam_toolbox/cmake/export_slam_toolbox__rosidl_generator_pyExport-release.cmake
[382.805s] -- Installing: /workspaces/lab1/slamtoolbox/install/slam_toolbox/share/slam_toolbox/cmake/SlamToolboxPluginExport.cmake
[382.806s] -- Installing: /workspaces/lab1/slamtoolbox/install/slam_toolbox/share/slam_toolbox/cmake/SlamToolboxPluginExport-release.cmake
[382.806s] -- Installing: /workspaces/lab1/slamtoolbox/install/slam_toolbox/share/slam_toolbox/cmake/rosidl_cmake-extras.cmake
[382.807s] -- Installing: /workspaces/lab1/slamtoolbox/install/slam_toolbox/share/slam_toolbox/cmake/ament_cmake_export_dependencies-extras.cmake
[382.808s] -- Installing: /workspaces/lab1/slamtoolbox/install/slam_toolbox/share/slam_toolbox/cmake/ament_cmake_export_include_directories-extras.cmake
[382.808s] -- Installing: /workspaces/lab1/slamtoolbox/install/slam_toolbox/share/slam_toolbox/cmake/ament_cmake_export_libraries-extras.cmake
[382.809s] -- Installing: /workspaces/lab1/slamtoolbox/install/slam_toolbox/share/slam_toolbox/cmake/ament_cmake_export_targets-extras.cmake
[382.810s] -- Installing: /workspaces/lab1/slamtoolbox/install/slam_toolbox/share/slam_toolbox/cmake/rosidl_cmake_export_typesupport_targets-extras.cmake
[382.810s] -- Installing: /workspaces/lab1/slamtoolbox/install/slam_toolbox/share/slam_toolbox/cmake/rosidl_cmake_export_typesupport_libraries-extras.cmake
[382.811s] -- Installing: /workspaces/lab1/slamtoolbox/install/slam_toolbox/share/slam_toolbox/cmake/slam_toolboxConfig.cmake
[382.811s] -- Installing: /workspaces/lab1/slamtoolbox/install/slam_toolbox/share/slam_toolbox/cmake/slam_toolboxConfig-version.cmake
[382.812s] -- Installing: /workspaces/lab1/slamtoolbox/install/slam_toolbox/share/slam_toolbox/package.xml
[382.813s] -- Up-to-date: /workspaces/lab1/slamtoolbox/install/slam_toolbox/include/
[382.813s] -- Installing: /workspaces/lab1/slamtoolbox/install/slam_toolbox/include//karto_sdk
[382.814s] -- Installing: /workspaces/lab1/slamtoolbox/install/slam_toolbox/include//karto_sdk/nanoflann_adaptors.h
[382.814s] -- Installing: /workspaces/lab1/slamtoolbox/install/slam_toolbox/include//karto_sdk/nanoflann.hpp
[382.815s] -- Installing: /workspaces/lab1/slamtoolbox/install/slam_toolbox/include//karto_sdk/Types.h
[382.816s] -- Installing: /workspaces/lab1/slamtoolbox/install/slam_toolbox/include//karto_sdk/Karto.h
[382.817s] -- Installing: /workspaces/lab1/slamtoolbox/install/slam_toolbox/include//karto_sdk/Mapper.h
[382.818s] -- Installing: /workspaces/lab1/slamtoolbox/install/slam_toolbox/include//karto_sdk/Math.h
[382.818s] -- Installing: /workspaces/lab1/slamtoolbox/install/slam_toolbox/include//karto_sdk/Macros.h
[382.823s] Invoked command in '/workspaces/lab1/slamtoolbox/build/slam_toolbox' returned '0': CMAKE_PREFIX_PATH=${CMAKE_PREFIX_PATH}:/opt/ros/humble /usr/bin/cmake --install /workspaces/lab1/slamtoolbox/build/slam_toolbox
