[0.018s] Invoking command in '/workspaces/lab1/gmapping/build/gmapping': /usr/bin/cmake /workspaces/lab1/gmapping/slam_gmapping/gmapping -DCATKIN_INSTALL_INTO_PREFIX_ROOT=0 -DCATKIN_SYMLINK_INSTALL=ON -DCMAKE_INSTALL_PREFIX=/workspaces/lab1/gmapping/install/gmapping
[0.033s] [0mCMake Deprecation Warning at CMakeLists.txt:1 (cmake_minimum_required):
[0.033s]   Compatibility with CMake < 2.8.12 will be removed from a future version of
[0.033s]   CMake.
[0.033s] 
[0.033s]   Update the VERSION argument <min> value or use a ...<max> suffix to tell
[0.033s]   CMake that the project does not need compatibility with older versions.
[0.033s] 
[0.037s] [0m
[0.105s] -- The C compiler identification is GNU 11.3.0
[0.179s] -- The CXX compiler identification is GNU 11.3.0
[0.191s] -- Detecting C compiler ABI info
[0.290s] -- Detecting C compiler ABI info - done
[0.310s] -- Check for working C compiler: /usr/bin/cc - skipped
[0.310s] -- Detecting C compile features
[0.312s] -- Detecting C compile features - done
[0.318s] -- Detecting CXX compiler ABI info
[0.438s] -- Detecting CXX compiler ABI info - done
[0.453s] -- Check for working CXX compiler: /usr/bin/c++ - skipped
[0.454s] -- Detecting CXX compile features
[0.454s] -- Detecting CXX compile features - done
[0.481s] [31mCMake Error at CMakeLists.txt:4 (find_package):
[0.481s]   By not providing "Findcatkin.cmake" in CMAKE_MODULE_PATH this project has
[0.483s]   asked CMake to find a package configuration file provided by "catkin", but
[0.483s]   CMake did not find one.
[0.483s] 
[0.484s]   Could not find a package configuration file provided by "catkin" with any
[0.484s]   of the following names:
[0.484s] 
[0.484s]     catkinConfig.cmake
[0.484s]     catkin-config.cmake
[0.484s] 
[0.484s]   Add the installation prefix of "catkin" to CMAKE_PREFIX_PATH or set
[0.485s]   "catkin_DIR" to a directory containing one of the above files.  If "catkin"
[0.485s]   provides a separate development package or SDK, be sure it has been
[0.485s]   installed.
[0.485s] 
[0.485s] [0m
[0.485s] -- Configuring incomplete, errors occurred!
[0.485s] See also "/workspaces/lab1/gmapping/build/gmapping/CMakeFiles/CMakeOutput.log".
[0.487s] Invoked command in '/workspaces/lab1/gmapping/build/gmapping' returned '1': /usr/bin/cmake /workspaces/lab1/gmapping/slam_gmapping/gmapping -DCATKIN_INSTALL_INTO_PREFIX_ROOT=0 -DCATKIN_SYMLINK_INSTALL=ON -DCMAKE_INSTALL_PREFIX=/workspaces/lab1/gmapping/install/gmapping
