[0.577s] DEBUG:colcon:Command line arguments: ['/usr/bin/colcon', 'build', '--symlink-install']
[0.577s] DEBUG:colcon:Parsed command line arguments: Namespace(log_base=None, log_level=None, verb_name='build', build_base='build', install_base='install', merge_install=False, symlink_install=True, test_result_base=None, continue_on_error=False, executor='parallel', parallel_workers=2, event_handlers=None, ignore_user_meta=False, metas=['./colcon.meta'], base_paths=['.'], packages_ignore=None, packages_ignore_regex=None, paths=None, packages_up_to=None, packages_up_to_regex=None, packages_above=None, packages_above_and_dependencies=None, packages_above_depth=None, packages_select_by_dep=None, packages_skip_by_dep=None, packages_skip_up_to=None, packages_select_build_failed=False, packages_skip_build_finished=False, packages_select_test_failures=False, packages_skip_test_passed=False, packages_select=None, packages_skip=None, packages_select_regex=None, packages_skip_regex=None, packages_start=None, packages_end=None, allow_overriding=[], cmake_args=None, cmake_target=None, cmake_target_skip_unavailable=False, cmake_clean_cache=False, cmake_clean_first=False, cmake_force_configure=False, meson_args=[], ament_cmake_args=None, catkin_cmake_args=None, catkin_skip_building_tests=False, mixin_files=None, mixin=None, verb_parser=<colcon_alias.argument_parser.alias.AliasArgumentDecorator object at 0x7f6d27a736d0>, verb_extension=<colcon_core.verb.build.BuildVerb object at 0x7f6d27c81b40>, main=<bound method BuildVerb.main of <colcon_core.verb.build.BuildVerb object at 0x7f6d27c81b40>>, mixin_verb=('build',))
[0.604s] Level 1:colcon.colcon_core.package_discovery:discover_packages(colcon_meta) check parameters
[0.604s] Level 1:colcon.colcon_core.package_discovery:discover_packages(recursive) check parameters
[0.605s] Level 1:colcon.colcon_core.package_discovery:discover_packages(ignore) check parameters
[0.605s] Level 1:colcon.colcon_core.package_discovery:discover_packages(path) check parameters
[0.605s] Level 1:colcon.colcon_core.package_discovery:discover_packages(colcon_meta) discover
[0.605s] Level 1:colcon.colcon_core.package_discovery:discover_packages(recursive) discover
[0.606s] INFO:colcon.colcon_core.package_discovery:Crawling recursively for packages in '/workspaces/lab1/gmapping'
[0.606s] Level 1:colcon.colcon_core.package_identification:_identify(.) by extensions ['ignore', 'ignore_ament_install']
[0.606s] Level 1:colcon.colcon_core.package_identification:_identify(.) by extension 'ignore'
[0.606s] Level 1:colcon.colcon_core.package_identification:_identify(.) by extension 'ignore_ament_install'
[0.607s] Level 1:colcon.colcon_core.package_identification:_identify(.) by extensions ['colcon_pkg']
[0.607s] Level 1:colcon.colcon_core.package_identification:_identify(.) by extension 'colcon_pkg'
[0.607s] Level 1:colcon.colcon_core.package_identification:_identify(.) by extensions ['colcon_meta']
[0.607s] Level 1:colcon.colcon_core.package_identification:_identify(.) by extension 'colcon_meta'
[0.607s] Level 1:colcon.colcon_core.package_identification:_identify(.) by extensions ['ros']
[0.608s] Level 1:colcon.colcon_core.package_identification:_identify(.) by extension 'ros'
[0.619s] Level 1:colcon.colcon_core.package_identification:_identify(.) by extensions ['cmake', 'meson', 'python']
[0.619s] Level 1:colcon.colcon_core.package_identification:_identify(.) by extension 'cmake'
[0.619s] Level 1:colcon.colcon_core.package_identification:_identify(.) by extension 'meson'
[0.620s] Level 1:colcon.colcon_core.package_identification:_identify(.) by extension 'python'
[0.620s] Level 1:colcon.colcon_core.package_identification:_identify(.) by extensions ['python_setup_py']
[0.620s] Level 1:colcon.colcon_core.package_identification:_identify(.) by extension 'python_setup_py'
[0.620s] Level 1:colcon.colcon_core.package_identification:_identify(build) by extensions ['ignore', 'ignore_ament_install']
[0.621s] Level 1:colcon.colcon_core.package_identification:_identify(build) by extension 'ignore'
[0.621s] Level 1:colcon.colcon_core.package_identification:_identify(build) ignored
[0.621s] Level 1:colcon.colcon_core.package_identification:_identify(install) by extensions ['ignore', 'ignore_ament_install']
[0.621s] Level 1:colcon.colcon_core.package_identification:_identify(install) by extension 'ignore'
[0.622s] Level 1:colcon.colcon_core.package_identification:_identify(install) ignored
[0.622s] Level 1:colcon.colcon_core.package_identification:_identify(log) by extensions ['ignore', 'ignore_ament_install']
[0.622s] Level 1:colcon.colcon_core.package_identification:_identify(log) by extension 'ignore'
[0.622s] Level 1:colcon.colcon_core.package_identification:_identify(log) ignored
[0.623s] Level 1:colcon.colcon_core.package_identification:_identify(slam_gmapping) by extensions ['ignore', 'ignore_ament_install']
[0.623s] Level 1:colcon.colcon_core.package_identification:_identify(slam_gmapping) by extension 'ignore'
[0.623s] Level 1:colcon.colcon_core.package_identification:_identify(slam_gmapping) by extension 'ignore_ament_install'
[0.623s] Level 1:colcon.colcon_core.package_identification:_identify(slam_gmapping) by extensions ['colcon_pkg']
[0.624s] Level 1:colcon.colcon_core.package_identification:_identify(slam_gmapping) by extension 'colcon_pkg'
[0.624s] Level 1:colcon.colcon_core.package_identification:_identify(slam_gmapping) by extensions ['colcon_meta']
[0.624s] Level 1:colcon.colcon_core.package_identification:_identify(slam_gmapping) by extension 'colcon_meta'
[0.624s] Level 1:colcon.colcon_core.package_identification:_identify(slam_gmapping) by extensions ['ros']
[0.624s] Level 1:colcon.colcon_core.package_identification:_identify(slam_gmapping) by extension 'ros'
[0.625s] Level 1:colcon.colcon_core.package_identification:_identify(slam_gmapping) by extensions ['cmake', 'meson', 'python']
[0.625s] Level 1:colcon.colcon_core.package_identification:_identify(slam_gmapping) by extension 'cmake'
[0.625s] Level 1:colcon.colcon_core.package_identification:_identify(slam_gmapping) by extension 'meson'
[0.625s] Level 1:colcon.colcon_core.package_identification:_identify(slam_gmapping) by extension 'python'
[0.626s] Level 1:colcon.colcon_core.package_identification:_identify(slam_gmapping) by extensions ['python_setup_py']
[0.626s] Level 1:colcon.colcon_core.package_identification:_identify(slam_gmapping) by extension 'python_setup_py'
[0.626s] Level 1:colcon.colcon_core.package_identification:_identify(slam_gmapping/gmapping) by extensions ['ignore', 'ignore_ament_install']
[0.626s] Level 1:colcon.colcon_core.package_identification:_identify(slam_gmapping/gmapping) by extension 'ignore'
[0.627s] Level 1:colcon.colcon_core.package_identification:_identify(slam_gmapping/gmapping) by extension 'ignore_ament_install'
[0.627s] Level 1:colcon.colcon_core.package_identification:_identify(slam_gmapping/gmapping) by extensions ['colcon_pkg']
[0.627s] Level 1:colcon.colcon_core.package_identification:_identify(slam_gmapping/gmapping) by extension 'colcon_pkg'
[0.627s] Level 1:colcon.colcon_core.package_identification:_identify(slam_gmapping/gmapping) by extensions ['colcon_meta']
[0.627s] Level 1:colcon.colcon_core.package_identification:_identify(slam_gmapping/gmapping) by extension 'colcon_meta'
[0.628s] Level 1:colcon.colcon_core.package_identification:_identify(slam_gmapping/gmapping) by extensions ['ros']
[0.628s] Level 1:colcon.colcon_core.package_identification:_identify(slam_gmapping/gmapping) by extension 'ros'
[0.631s] DEBUG:colcon.colcon_core.package_identification:Package 'slam_gmapping/gmapping' with type 'ros.catkin' and name 'gmapping'
[0.631s] Level 1:colcon.colcon_core.package_identification:_identify(slam_gmapping/slam_gmapping) by extensions ['ignore', 'ignore_ament_install']
[0.631s] Level 1:colcon.colcon_core.package_identification:_identify(slam_gmapping/slam_gmapping) by extension 'ignore'
[0.631s] Level 1:colcon.colcon_core.package_identification:_identify(slam_gmapping/slam_gmapping) by extension 'ignore_ament_install'
[0.632s] Level 1:colcon.colcon_core.package_identification:_identify(slam_gmapping/slam_gmapping) by extensions ['colcon_pkg']
[0.632s] Level 1:colcon.colcon_core.package_identification:_identify(slam_gmapping/slam_gmapping) by extension 'colcon_pkg'
[0.632s] Level 1:colcon.colcon_core.package_identification:_identify(slam_gmapping/slam_gmapping) by extensions ['colcon_meta']
[0.632s] Level 1:colcon.colcon_core.package_identification:_identify(slam_gmapping/slam_gmapping) by extension 'colcon_meta'
[0.633s] Level 1:colcon.colcon_core.package_identification:_identify(slam_gmapping/slam_gmapping) by extensions ['ros']
[0.633s] Level 1:colcon.colcon_core.package_identification:_identify(slam_gmapping/slam_gmapping) by extension 'ros'
[0.634s] DEBUG:colcon.colcon_core.package_identification:Package 'slam_gmapping/slam_gmapping' with type 'ros.catkin' and name 'slam_gmapping'
[0.634s] Level 1:colcon.colcon_core.package_discovery:discover_packages(recursive) using defaults
[0.634s] Level 1:colcon.colcon_core.package_discovery:discover_packages(ignore) discover
[0.635s] Level 1:colcon.colcon_core.package_discovery:discover_packages(ignore) using defaults
[0.635s] Level 1:colcon.colcon_core.package_discovery:discover_packages(path) discover
[0.635s] Level 1:colcon.colcon_core.package_discovery:discover_packages(path) using defaults
[0.658s] Level 1:colcon.colcon_core.package_discovery:discover_packages(prefix_path) check parameters
[0.658s] Level 1:colcon.colcon_core.package_discovery:discover_packages(prefix_path) discover
[0.661s] DEBUG:colcon.colcon_installed_package_information.package_discovery:Found 2 installed packages in /opt/robohub/humble
[0.664s] DEBUG:colcon.colcon_installed_package_information.package_discovery:Found 315 installed packages in /opt/ros/humble
[0.667s] Level 1:colcon.colcon_core.package_discovery:discover_packages(prefix_path) using defaults
[0.787s] Level 5:colcon.colcon_core.verb:set package 'gmapping' build argument 'cmake_args' from command line to 'None'
[0.787s] Level 5:colcon.colcon_core.verb:set package 'gmapping' build argument 'cmake_target' from command line to 'None'
[0.787s] Level 5:colcon.colcon_core.verb:set package 'gmapping' build argument 'cmake_target_skip_unavailable' from command line to 'False'
[0.787s] Level 5:colcon.colcon_core.verb:set package 'gmapping' build argument 'cmake_clean_cache' from command line to 'False'
[0.788s] Level 5:colcon.colcon_core.verb:set package 'gmapping' build argument 'cmake_clean_first' from command line to 'False'
[0.788s] Level 5:colcon.colcon_core.verb:set package 'gmapping' build argument 'cmake_force_configure' from command line to 'False'
[0.788s] Level 5:colcon.colcon_core.verb:set package 'gmapping' build argument 'meson_args' from command line to '[]'
[0.788s] Level 5:colcon.colcon_core.verb:set package 'gmapping' build argument 'ament_cmake_args' from command line to 'None'
[0.788s] Level 5:colcon.colcon_core.verb:set package 'gmapping' build argument 'catkin_cmake_args' from command line to 'None'
[0.788s] Level 5:colcon.colcon_core.verb:set package 'gmapping' build argument 'catkin_skip_building_tests' from command line to 'False'
[0.789s] DEBUG:colcon.colcon_core.verb:Building package 'gmapping' with the following arguments: {'ament_cmake_args': None, 'build_base': '/workspaces/lab1/gmapping/build/gmapping', 'catkin_cmake_args': None, 'catkin_skip_building_tests': False, 'cmake_args': None, 'cmake_clean_cache': False, 'cmake_clean_first': False, 'cmake_force_configure': False, 'cmake_target': None, 'cmake_target_skip_unavailable': False, 'install_base': '/workspaces/lab1/gmapping/install/gmapping', 'merge_install': False, 'meson_args': [], 'path': '/workspaces/lab1/gmapping/slam_gmapping/gmapping', 'symlink_install': True, 'test_result_base': None}
[0.833s] Level 5:colcon.colcon_core.verb:set package 'slam_gmapping' build argument 'cmake_args' from command line to 'None'
[0.833s] Level 5:colcon.colcon_core.verb:set package 'slam_gmapping' build argument 'cmake_target' from command line to 'None'
[0.833s] Level 5:colcon.colcon_core.verb:set package 'slam_gmapping' build argument 'cmake_target_skip_unavailable' from command line to 'False'
[0.833s] Level 5:colcon.colcon_core.verb:set package 'slam_gmapping' build argument 'cmake_clean_cache' from command line to 'False'
[0.833s] Level 5:colcon.colcon_core.verb:set package 'slam_gmapping' build argument 'cmake_clean_first' from command line to 'False'
[0.834s] Level 5:colcon.colcon_core.verb:set package 'slam_gmapping' build argument 'cmake_force_configure' from command line to 'False'
[0.834s] Level 5:colcon.colcon_core.verb:set package 'slam_gmapping' build argument 'meson_args' from command line to '[]'
[0.834s] Level 5:colcon.colcon_core.verb:set package 'slam_gmapping' build argument 'ament_cmake_args' from command line to 'None'
[0.834s] Level 5:colcon.colcon_core.verb:set package 'slam_gmapping' build argument 'catkin_cmake_args' from command line to 'None'
[0.834s] Level 5:colcon.colcon_core.verb:set package 'slam_gmapping' build argument 'catkin_skip_building_tests' from command line to 'False'
[0.835s] DEBUG:colcon.colcon_core.verb:Building package 'slam_gmapping' with the following arguments: {'ament_cmake_args': None, 'build_base': '/workspaces/lab1/gmapping/build/slam_gmapping', 'catkin_cmake_args': None, 'catkin_skip_building_tests': False, 'cmake_args': None, 'cmake_clean_cache': False, 'cmake_clean_first': False, 'cmake_force_configure': False, 'cmake_target': None, 'cmake_target_skip_unavailable': False, 'install_base': '/workspaces/lab1/gmapping/install/slam_gmapping', 'merge_install': False, 'meson_args': [], 'path': '/workspaces/lab1/gmapping/slam_gmapping/slam_gmapping', 'symlink_install': True, 'test_result_base': None}
[0.836s] INFO:colcon.colcon_core.executor:Executing jobs using 'parallel' executor
[0.841s] DEBUG:colcon.colcon_parallel_executor.executor.parallel:run_until_complete
[0.841s] INFO:colcon.colcon_ros.task.catkin.build:Building ROS package in '/workspaces/lab1/gmapping/slam_gmapping/gmapping' with build type 'catkin'
[0.841s] INFO:colcon.colcon_cmake.task.cmake.build:Building CMake package in '/workspaces/lab1/gmapping/slam_gmapping/gmapping'
[0.848s] INFO:colcon.colcon_core.plugin_system:Skipping extension 'colcon_core.shell.bat': Not used on non-Windows systems
[0.854s] INFO:colcon.colcon_core.shell:Skip shell extension 'powershell' for command environment: Not usable outside of PowerShell
[0.854s] DEBUG:colcon.colcon_core.shell:Skip shell extension 'dsv' for command environment
[0.871s] DEBUG:colcon.colcon_core.event_handler.log_command:Invoking command in '/workspaces/lab1/gmapping/build/gmapping': /usr/bin/cmake /workspaces/lab1/gmapping/slam_gmapping/gmapping -DCATKIN_INSTALL_INTO_PREFIX_ROOT=0 -DCATKIN_SYMLINK_INSTALL=ON -DCMAKE_INSTALL_PREFIX=/workspaces/lab1/gmapping/install/gmapping
[1.341s] DEBUG:colcon.colcon_core.event_handler.log_command:Invoked command in '/workspaces/lab1/gmapping/build/gmapping' returned '1': /usr/bin/cmake /workspaces/lab1/gmapping/slam_gmapping/gmapping -DCATKIN_INSTALL_INTO_PREFIX_ROOT=0 -DCATKIN_SYMLINK_INSTALL=ON -DCMAKE_INSTALL_PREFIX=/workspaces/lab1/gmapping/install/gmapping
[1.361s] Level 1:colcon.colcon_core.environment:create_environment_scripts_only(gmapping)
[1.372s] Level 1:colcon.colcon_core.environment:checking '/workspaces/lab1/gmapping/install/gmapping' for CMake module files
[1.373s] Level 1:colcon.colcon_core.environment:checking '/workspaces/lab1/gmapping/install/gmapping' for CMake config files
[1.373s] Level 1:colcon.colcon_core.environment:checking '/workspaces/lab1/gmapping/install/gmapping/bin'
[1.373s] Level 1:colcon.colcon_core.environment:checking '/workspaces/lab1/gmapping/install/gmapping/lib/pkgconfig/gmapping.pc'
[1.373s] Level 1:colcon.colcon_core.environment:checking '/workspaces/lab1/gmapping/install/gmapping/lib/python3.10/site-packages'
[1.374s] Level 1:colcon.colcon_core.environment:checking '/workspaces/lab1/gmapping/install/gmapping/bin'
[1.376s] INFO:colcon.colcon_core.shell:Creating package script '/workspaces/lab1/gmapping/install/gmapping/share/gmapping/package.ps1'
[1.377s] INFO:colcon.colcon_core.shell:Creating package descriptor '/workspaces/lab1/gmapping/install/gmapping/share/gmapping/package.dsv'
[1.378s] INFO:colcon.colcon_core.shell:Creating package script '/workspaces/lab1/gmapping/install/gmapping/share/gmapping/package.sh'
[1.379s] INFO:colcon.colcon_core.shell:Creating package script '/workspaces/lab1/gmapping/install/gmapping/share/gmapping/package.bash'
[1.380s] INFO:colcon.colcon_core.shell:Creating package script '/workspaces/lab1/gmapping/install/gmapping/share/gmapping/package.zsh'
[1.381s] Level 1:colcon.colcon_core.environment:create_file_with_runtime_dependencies(/workspaces/lab1/gmapping/install/gmapping/share/colcon-core/packages/gmapping)
[1.383s] DEBUG:colcon.colcon_parallel_executor.executor.parallel:closing loop
[1.383s] DEBUG:colcon.colcon_parallel_executor.executor.parallel:loop closed
[1.383s] DEBUG:colcon.colcon_parallel_executor.executor.parallel:run_until_complete finished with '1'
[1.383s] DEBUG:colcon.colcon_core.event_reactor:joining thread
[1.390s] INFO:colcon.colcon_core.plugin_system:Skipping extension 'colcon_notification.desktop_notification.notify_send': Could not find 'notify-send'
[1.390s] INFO:colcon.colcon_core.plugin_system:Skipping extension 'colcon_notification.desktop_notification.terminal_notifier': Not used on non-Darwin systems
[1.390s] INFO:colcon.colcon_core.plugin_system:Skipping extension 'colcon_notification.desktop_notification.win32': Not used on non-Windows systems
[1.390s] INFO:colcon.colcon_notification.desktop_notification:Sending desktop notification using 'notify2'
[1.390s] DEBUG:colcon.colcon_notification.desktop_notification.notify2:Failed to initialize notify2: org.freedesktop.DBus.Error.NotSupported: Unable to autolaunch a dbus-daemon without a $DISPLAY for X11
[1.390s] DEBUG:colcon.colcon_core.event_reactor:joined thread
[1.392s] INFO:colcon.colcon_core.shell:Creating prefix script '/workspaces/lab1/gmapping/install/local_setup.ps1'
[1.393s] INFO:colcon.colcon_core.shell:Creating prefix util module '/workspaces/lab1/gmapping/install/_local_setup_util_ps1.py'
[1.394s] INFO:colcon.colcon_core.shell:Creating prefix chain script '/workspaces/lab1/gmapping/install/setup.ps1'
[1.396s] INFO:colcon.colcon_core.shell:Creating prefix script '/workspaces/lab1/gmapping/install/local_setup.sh'
[1.396s] INFO:colcon.colcon_core.shell:Creating prefix util module '/workspaces/lab1/gmapping/install/_local_setup_util_sh.py'
[1.397s] INFO:colcon.colcon_core.shell:Creating prefix chain script '/workspaces/lab1/gmapping/install/setup.sh'
[1.399s] INFO:colcon.colcon_core.shell:Creating prefix script '/workspaces/lab1/gmapping/install/local_setup.bash'
[1.399s] INFO:colcon.colcon_core.shell:Creating prefix chain script '/workspaces/lab1/gmapping/install/setup.bash'
[1.401s] INFO:colcon.colcon_core.shell:Creating prefix script '/workspaces/lab1/gmapping/install/local_setup.zsh'
[1.401s] INFO:colcon.colcon_core.shell:Creating prefix chain script '/workspaces/lab1/gmapping/install/setup.zsh'
